2020-07-27 20:23:11.378  INFO 30560 --- [main] c.t.d.TivoDownloadServiceApplication     : Starting TivoDownloadServiceApplication v0.0.1-SNAPSHOT on DESKTOP-KHBEN76 with PID 30560 (C:\Users\Raheal\Documents\workspace\tivo-download-service\target\tivo-download-service-0.0.1-SNAPSHOT.jar started by Raheal in C:\Users\Raheal\Documents\workspace\tivo-download-service)
2020-07-27 20:23:11.392  INFO 30560 --- [main] c.t.d.TivoDownloadServiceApplication     : No active profile set, falling back to default profiles: default
2020-07-27 20:23:12.988  INFO 30560 --- [main] o.s.b.w.embedded.tomcat.TomcatWebServer  : Tomcat initialized with port(s): 8080 (http)
2020-07-27 20:23:13.001  INFO 30560 --- [main] o.apache.catalina.core.StandardService   : Starting service [Tomcat]
2020-07-27 20:23:13.001  INFO 30560 --- [main] org.apache.catalina.core.StandardEngine  : Starting Servlet engine: [Apache Tomcat/9.0.27]
2020-07-27 20:23:13.078  INFO 30560 --- [main] o.a.c.c.C.[Tomcat].[localhost].[/]       : Initializing Spring embedded WebApplicationContext
2020-07-27 20:23:13.079  INFO 30560 --- [main] o.s.web.context.ContextLoader            : Root WebApplicationContext: initialization completed in 1626 ms
2020-07-27 20:23:13.445  INFO 30560 --- [main] o.a.k.clients.producer.ProducerConfig    : ProducerConfig values: 
	acks = 1
	batch.size = 16384
	bootstrap.servers = [localhost:9092]
	buffer.memory = 33554432
	client.dns.lookup = default
	client.id = tivo
	compression.type = none
	connections.max.idle.ms = 540000
	delivery.timeout.ms = 120000
	enable.idempotence = false
	interceptor.classes = []
	key.serializer = class com.fasterxml.jackson.databind.ser.std.NumberSerializers$LongSerializer
	linger.ms = 0
	max.block.ms = 60000
	max.in.flight.requests.per.connection = 5
	max.request.size = 1048576
	metadata.max.age.ms = 300000
	metadata.max.idle.ms = 300000
	metric.reporters = []
	metrics.num.samples = 2
	metrics.recording.level = INFO
	metrics.sample.window.ms = 30000
	partitioner.class = class org.apache.kafka.clients.producer.internals.DefaultPartitioner
	receive.buffer.bytes = 32768
	reconnect.backoff.max.ms = 1000
	reconnect.backoff.ms = 50
	request.timeout.ms = 30000
	retries = 2147483647
	retry.backoff.ms = 100
	sasl.client.callback.handler.class = null
	sasl.jaas.config = null
	sasl.kerberos.kinit.cmd = /usr/bin/kinit
	sasl.kerberos.min.time.before.relogin = 60000
	sasl.kerberos.service.name = null
	sasl.kerberos.ticket.renew.jitter = 0.05
	sasl.kerberos.ticket.renew.window.factor = 0.8
	sasl.login.callback.handler.class = null
	sasl.login.class = null
	sasl.login.refresh.buffer.seconds = 300
	sasl.login.refresh.min.period.seconds = 60
	sasl.login.refresh.window.factor = 0.8
	sasl.login.refresh.window.jitter = 0.05
	sasl.mechanism = GSSAPI
	security.protocol = PLAINTEXT
	security.providers = null
	send.buffer.bytes = 131072
	ssl.cipher.suites = null
	ssl.enabled.protocols = [TLSv1.2]
	ssl.endpoint.identification.algorithm = https
	ssl.key.password = null
	ssl.keymanager.algorithm = SunX509
	ssl.keystore.location = null
	ssl.keystore.password = null
	ssl.keystore.type = JKS
	ssl.protocol = TLSv1.2
	ssl.provider = null
	ssl.secure.random.implementation = null
	ssl.trustmanager.algorithm = PKIX
	ssl.truststore.location = null
	ssl.truststore.password = null
	ssl.truststore.type = JKS
	transaction.timeout.ms = 60000
	transactional.id = null
	value.serializer = class org.apache.kafka.common.serialization.StringSerializer

2020-07-27 20:23:13.460  INFO 30560 --- [main] o.a.k.clients.producer.KafkaProducer     : [Producer clientId=tivo] Closing the Kafka producer with timeoutMillis = 0 ms.
2020-07-27 20:23:13.463  WARN 30560 --- [main] ConfigServletWebServerApplicationContext : Exception encountered during context initialization - cancelling refresh attempt: org.springframework.beans.factory.UnsatisfiedDependencyException: Error creating bean with name 'kafkaMessageHandler': Unsatisfied dependency expressed through field 'kafkaProducer'; nested exception is org.springframework.beans.factory.BeanCreationException: Error creating bean with name 'kafkaProducer' defined in class path resource [com/tivo/download/config/KafkaConfiguration.class]: Bean instantiation via factory method failed; nested exception is org.springframework.beans.BeanInstantiationException: Failed to instantiate [org.apache.kafka.clients.producer.KafkaProducer]: Factory method 'kafkaProducer' threw exception; nested exception is org.apache.kafka.common.KafkaException: Failed to construct kafka producer
2020-07-27 20:23:13.468  INFO 30560 --- [main] o.apache.catalina.core.StandardService   : Stopping service [Tomcat]
2020-07-27 20:23:13.487  INFO 30560 --- [main] ConditionEvaluationReportLoggingListener : 

Error starting ApplicationContext. To display the conditions report re-run your application with 'debug' enabled.
2020-07-27 20:23:13.495 ERROR 30560 --- [main] o.s.boot.SpringApplication               : Application run failed

org.springframework.beans.factory.UnsatisfiedDependencyException: Error creating bean with name 'kafkaMessageHandler': Unsatisfied dependency expressed through field 'kafkaProducer'; nested exception is org.springframework.beans.factory.BeanCreationException: Error creating bean with name 'kafkaProducer' defined in class path resource [com/tivo/download/config/KafkaConfiguration.class]: Bean instantiation via factory method failed; nested exception is org.springframework.beans.BeanInstantiationException: Failed to instantiate [org.apache.kafka.clients.producer.KafkaProducer]: Factory method 'kafkaProducer' threw exception; nested exception is org.apache.kafka.common.KafkaException: Failed to construct kafka producer
	at org.springframework.beans.factory.annotation.AutowiredAnnotationBeanPostProcessor$AutowiredFieldElement.inject(AutowiredAnnotationBeanPostProcessor.java:639) ~[spring-beans-5.2.0.RELEASE.jar!/:5.2.0.RELEASE]
	at org.springframework.beans.factory.annotation.InjectionMetadata.inject(InjectionMetadata.java:116) ~[spring-beans-5.2.0.RELEASE.jar!/:5.2.0.RELEASE]
	at org.springframework.beans.factory.annotation.AutowiredAnnotationBeanPostProcessor.postProcessProperties(AutowiredAnnotationBeanPostProcessor.java:397) ~[spring-beans-5.2.0.RELEASE.jar!/:5.2.0.RELEASE]
	at org.springframework.beans.factory.support.AbstractAutowireCapableBeanFactory.populateBean(AbstractAutowireCapableBeanFactory.java:1429) ~[spring-beans-5.2.0.RELEASE.jar!/:5.2.0.RELEASE]
	at org.springframework.beans.factory.support.AbstractAutowireCapableBeanFactory.doCreateBean(AbstractAutowireCapableBeanFactory.java:594) ~[spring-beans-5.2.0.RELEASE.jar!/:5.2.0.RELEASE]
	at org.springframework.beans.factory.support.AbstractAutowireCapableBeanFactory.createBean(AbstractAutowireCapableBeanFactory.java:517) ~[spring-beans-5.2.0.RELEASE.jar!/:5.2.0.RELEASE]
	at org.springframework.beans.factory.support.AbstractBeanFactory.lambda$doGetBean$0(AbstractBeanFactory.java:323) ~[spring-beans-5.2.0.RELEASE.jar!/:5.2.0.RELEASE]
	at org.springframework.beans.factory.support.DefaultSingletonBeanRegistry.getSingleton(DefaultSingletonBeanRegistry.java:222) ~[spring-beans-5.2.0.RELEASE.jar!/:5.2.0.RELEASE]
	at org.springframework.beans.factory.support.AbstractBeanFactory.doGetBean(AbstractBeanFactory.java:321) ~[spring-beans-5.2.0.RELEASE.jar!/:5.2.0.RELEASE]
	at org.springframework.beans.factory.support.AbstractBeanFactory.getBean(AbstractBeanFactory.java:202) ~[spring-beans-5.2.0.RELEASE.jar!/:5.2.0.RELEASE]
	at org.springframework.beans.factory.support.DefaultListableBeanFactory.preInstantiateSingletons(DefaultListableBeanFactory.java:879) ~[spring-beans-5.2.0.RELEASE.jar!/:5.2.0.RELEASE]
	at org.springframework.context.support.AbstractApplicationContext.finishBeanFactoryInitialization(AbstractApplicationContext.java:878) ~[spring-context-5.2.0.RELEASE.jar!/:5.2.0.RELEASE]
	at org.springframework.context.support.AbstractApplicationContext.refresh(AbstractApplicationContext.java:550) ~[spring-context-5.2.0.RELEASE.jar!/:5.2.0.RELEASE]
	at org.springframework.boot.web.servlet.context.ServletWebServerApplicationContext.refresh(ServletWebServerApplicationContext.java:141) ~[spring-boot-2.2.0.BUILD-SNAPSHOT.jar!/:2.2.0.BUILD-SNAPSHOT]
	at org.springframework.boot.SpringApplication.refresh(SpringApplication.java:747) [spring-boot-2.2.0.BUILD-SNAPSHOT.jar!/:2.2.0.BUILD-SNAPSHOT]
	at org.springframework.boot.SpringApplication.refreshContext(SpringApplication.java:397) [spring-boot-2.2.0.BUILD-SNAPSHOT.jar!/:2.2.0.BUILD-SNAPSHOT]
	at org.springframework.boot.SpringApplication.run(SpringApplication.java:315) [spring-boot-2.2.0.BUILD-SNAPSHOT.jar!/:2.2.0.BUILD-SNAPSHOT]
	at org.springframework.boot.SpringApplication.run(SpringApplication.java:1226) [spring-boot-2.2.0.BUILD-SNAPSHOT.jar!/:2.2.0.BUILD-SNAPSHOT]
	at org.springframework.boot.SpringApplication.run(SpringApplication.java:1215) [spring-boot-2.2.0.BUILD-SNAPSHOT.jar!/:2.2.0.BUILD-SNAPSHOT]
	at com.tivo.download.TivoDownloadServiceApplication.main(TivoDownloadServiceApplication.java:10) [classes!/:0.0.1-SNAPSHOT]
	at sun.reflect.NativeMethodAccessorImpl.invoke0(Native Method) ~[na:1.8.0_211]
	at sun.reflect.NativeMethodAccessorImpl.invoke(Unknown Source) ~[na:1.8.0_211]
	at sun.reflect.DelegatingMethodAccessorImpl.invoke(Unknown Source) ~[na:1.8.0_211]
	at java.lang.reflect.Method.invoke(Unknown Source) ~[na:1.8.0_211]
	at org.springframework.boot.loader.MainMethodRunner.run(MainMethodRunner.java:48) [tivo-download-service-0.0.1-SNAPSHOT.jar:0.0.1-SNAPSHOT]
	at org.springframework.boot.loader.Launcher.launch(Launcher.java:87) [tivo-download-service-0.0.1-SNAPSHOT.jar:0.0.1-SNAPSHOT]
	at org.springframework.boot.loader.Launcher.launch(Launcher.java:51) [tivo-download-service-0.0.1-SNAPSHOT.jar:0.0.1-SNAPSHOT]
	at org.springframework.boot.loader.JarLauncher.main(JarLauncher.java:52) [tivo-download-service-0.0.1-SNAPSHOT.jar:0.0.1-SNAPSHOT]
Caused by: org.springframework.beans.factory.BeanCreationException: Error creating bean with name 'kafkaProducer' defined in class path resource [com/tivo/download/config/KafkaConfiguration.class]: Bean instantiation via factory method failed; nested exception is org.springframework.beans.BeanInstantiationException: Failed to instantiate [org.apache.kafka.clients.producer.KafkaProducer]: Factory method 'kafkaProducer' threw exception; nested exception is org.apache.kafka.common.KafkaException: Failed to construct kafka producer
	at org.springframework.beans.factory.support.ConstructorResolver.instantiate(ConstructorResolver.java:645) ~[spring-beans-5.2.0.RELEASE.jar!/:5.2.0.RELEASE]
	at org.springframework.beans.factory.support.ConstructorResolver.instantiateUsingFactoryMethod(ConstructorResolver.java:475) ~[spring-beans-5.2.0.RELEASE.jar!/:5.2.0.RELEASE]
	at org.springframework.beans.factory.support.AbstractAutowireCapableBeanFactory.instantiateUsingFactoryMethod(AbstractAutowireCapableBeanFactory.java:1338) ~[spring-beans-5.2.0.RELEASE.jar!/:5.2.0.RELEASE]
	at org.springframework.beans.factory.support.AbstractAutowireCapableBeanFactory.createBeanInstance(AbstractAutowireCapableBeanFactory.java:1177) ~[spring-beans-5.2.0.RELEASE.jar!/:5.2.0.RELEASE]
	at org.springframework.beans.factory.support.AbstractAutowireCapableBeanFactory.doCreateBean(AbstractAutowireCapableBeanFactory.java:557) ~[spring-beans-5.2.0.RELEASE.jar!/:5.2.0.RELEASE]
	at org.springframework.beans.factory.support.AbstractAutowireCapableBeanFactory.createBean(AbstractAutowireCapableBeanFactory.java:517) ~[spring-beans-5.2.0.RELEASE.jar!/:5.2.0.RELEASE]
	at org.springframework.beans.factory.support.AbstractBeanFactory.lambda$doGetBean$0(AbstractBeanFactory.java:323) ~[spring-beans-5.2.0.RELEASE.jar!/:5.2.0.RELEASE]
	at org.springframework.beans.factory.support.DefaultSingletonBeanRegistry.getSingleton(DefaultSingletonBeanRegistry.java:222) ~[spring-beans-5.2.0.RELEASE.jar!/:5.2.0.RELEASE]
	at org.springframework.beans.factory.support.AbstractBeanFactory.doGetBean(AbstractBeanFactory.java:321) ~[spring-beans-5.2.0.RELEASE.jar!/:5.2.0.RELEASE]
	at org.springframework.beans.factory.support.AbstractBeanFactory.getBean(AbstractBeanFactory.java:202) ~[spring-beans-5.2.0.RELEASE.jar!/:5.2.0.RELEASE]
	at org.springframework.beans.factory.config.DependencyDescriptor.resolveCandidate(DependencyDescriptor.java:276) ~[spring-beans-5.2.0.RELEASE.jar!/:5.2.0.RELEASE]
	at org.springframework.beans.factory.support.DefaultListableBeanFactory.doResolveDependency(DefaultListableBeanFactory.java:1287) ~[spring-beans-5.2.0.RELEASE.jar!/:5.2.0.RELEASE]
	at org.springframework.beans.factory.support.DefaultListableBeanFactory.resolveDependency(DefaultListableBeanFactory.java:1207) ~[spring-beans-5.2.0.RELEASE.jar!/:5.2.0.RELEASE]
	at org.springframework.beans.factory.annotation.AutowiredAnnotationBeanPostProcessor$AutowiredFieldElement.inject(AutowiredAnnotationBeanPostProcessor.java:636) ~[spring-beans-5.2.0.RELEASE.jar!/:5.2.0.RELEASE]
	... 27 common frames omitted
Caused by: org.springframework.beans.BeanInstantiationException: Failed to instantiate [org.apache.kafka.clients.producer.KafkaProducer]: Factory method 'kafkaProducer' threw exception; nested exception is org.apache.kafka.common.KafkaException: Failed to construct kafka producer
	at org.springframework.beans.factory.support.SimpleInstantiationStrategy.instantiate(SimpleInstantiationStrategy.java:185) ~[spring-beans-5.2.0.RELEASE.jar!/:5.2.0.RELEASE]
	at org.springframework.beans.factory.support.ConstructorResolver.instantiate(ConstructorResolver.java:640) ~[spring-beans-5.2.0.RELEASE.jar!/:5.2.0.RELEASE]
	... 40 common frames omitted
Caused by: org.apache.kafka.common.KafkaException: Failed to construct kafka producer
	at org.apache.kafka.clients.producer.KafkaProducer.<init>(KafkaProducer.java:434) ~[kafka-clients-2.5.0.jar!/:na]
	at org.apache.kafka.clients.producer.KafkaProducer.<init>(KafkaProducer.java:298) ~[kafka-clients-2.5.0.jar!/:na]
	at com.tivo.download.config.KafkaConfiguration.kafkaProducer(KafkaConfiguration.java:34) ~[classes!/:0.0.1-SNAPSHOT]
	at com.tivo.download.config.KafkaConfiguration$$EnhancerBySpringCGLIB$$7b668233.CGLIB$kafkaProducer$0(<generated>) ~[classes!/:0.0.1-SNAPSHOT]
	at com.tivo.download.config.KafkaConfiguration$$EnhancerBySpringCGLIB$$7b668233$$FastClassBySpringCGLIB$$d49e8b55.invoke(<generated>) ~[classes!/:0.0.1-SNAPSHOT]
	at org.springframework.cglib.proxy.MethodProxy.invokeSuper(MethodProxy.java:244) ~[spring-core-5.2.0.RELEASE.jar!/:5.2.0.RELEASE]
	at org.springframework.context.annotation.ConfigurationClassEnhancer$BeanMethodInterceptor.intercept(ConfigurationClassEnhancer.java:363) ~[spring-context-5.2.0.RELEASE.jar!/:5.2.0.RELEASE]
	at com.tivo.download.config.KafkaConfiguration$$EnhancerBySpringCGLIB$$7b668233.kafkaProducer(<generated>) ~[classes!/:0.0.1-SNAPSHOT]
	at sun.reflect.NativeMethodAccessorImpl.invoke0(Native Method) ~[na:1.8.0_211]
	at sun.reflect.NativeMethodAccessorImpl.invoke(Unknown Source) ~[na:1.8.0_211]
	at sun.reflect.DelegatingMethodAccessorImpl.invoke(Unknown Source) ~[na:1.8.0_211]
	at java.lang.reflect.Method.invoke(Unknown Source) ~[na:1.8.0_211]
	at org.springframework.beans.factory.support.SimpleInstantiationStrategy.instantiate(SimpleInstantiationStrategy.java:154) ~[spring-beans-5.2.0.RELEASE.jar!/:5.2.0.RELEASE]
	... 41 common frames omitted
Caused by: org.apache.kafka.common.KafkaException: Could not find a public no-argument constructor for com.fasterxml.jackson.databind.ser.std.NumberSerializers$LongSerializer
	at org.apache.kafka.common.utils.Utils.newInstance(Utils.java:310) ~[kafka-clients-2.5.0.jar!/:na]
	at org.apache.kafka.common.config.AbstractConfig.getConfiguredInstance(AbstractConfig.java:370) ~[kafka-clients-2.5.0.jar!/:na]
	at org.apache.kafka.common.config.AbstractConfig.getConfiguredInstance(AbstractConfig.java:392) ~[kafka-clients-2.5.0.jar!/:na]
	at org.apache.kafka.clients.producer.KafkaProducer.<init>(KafkaProducer.java:359) ~[kafka-clients-2.5.0.jar!/:na]
	... 53 common frames omitted
Caused by: java.lang.NoSuchMethodException: com.fasterxml.jackson.databind.ser.std.NumberSerializers$LongSerializer.<init>()
	at java.lang.Class.getConstructor0(Unknown Source) ~[na:1.8.0_211]
	at java.lang.Class.getDeclaredConstructor(Unknown Source) ~[na:1.8.0_211]
	at org.apache.kafka.common.utils.Utils.newInstance(Utils.java:308) ~[kafka-clients-2.5.0.jar!/:na]
	... 56 common frames omitted

2020-07-27 20:31:19.429  INFO 22980 --- [main] c.t.d.TivoDownloadServiceApplication     : Starting TivoDownloadServiceApplication v0.0.1-SNAPSHOT on DESKTOP-KHBEN76 with PID 22980 (C:\Users\Raheal\Documents\workspace\tivo-download-service\target\tivo-download-service-0.0.1-SNAPSHOT.jar started by Raheal in C:\Users\Raheal\Documents\workspace\tivo-download-service)
2020-07-27 20:31:19.433  INFO 22980 --- [main] c.t.d.TivoDownloadServiceApplication     : No active profile set, falling back to default profiles: default
2020-07-27 20:31:20.906  INFO 22980 --- [main] o.s.b.w.embedded.tomcat.TomcatWebServer  : Tomcat initialized with port(s): 8080 (http)
2020-07-27 20:31:20.922  INFO 22980 --- [main] o.apache.catalina.core.StandardService   : Starting service [Tomcat]
2020-07-27 20:31:20.922  INFO 22980 --- [main] org.apache.catalina.core.StandardEngine  : Starting Servlet engine: [Apache Tomcat/9.0.27]
2020-07-27 20:31:20.977  INFO 22980 --- [main] o.a.c.c.C.[Tomcat].[localhost].[/]       : Initializing Spring embedded WebApplicationContext
2020-07-27 20:31:20.977  INFO 22980 --- [main] o.s.web.context.ContextLoader            : Root WebApplicationContext: initialization completed in 1486 ms
2020-07-27 20:31:21.249  INFO 22980 --- [pool-1-thread-1] c.t.download.cache.DownloadStatusCache   : Download Record Cache is instantiated
2020-07-27 20:31:21.284  INFO 22980 --- [main] o.a.k.clients.producer.ProducerConfig    : ProducerConfig values: 
	acks = 1
	batch.size = 16384
	bootstrap.servers = [localhost:9092]
	buffer.memory = 33554432
	client.dns.lookup = default
	client.id = tivo
	compression.type = none
	connections.max.idle.ms = 540000
	delivery.timeout.ms = 120000
	enable.idempotence = false
	interceptor.classes = []
	key.serializer = class org.apache.kafka.common.serialization.LongSerializer
	linger.ms = 0
	max.block.ms = 60000
	max.in.flight.requests.per.connection = 5
	max.request.size = 1048576
	metadata.max.age.ms = 300000
	metadata.max.idle.ms = 300000
	metric.reporters = []
	metrics.num.samples = 2
	metrics.recording.level = INFO
	metrics.sample.window.ms = 30000
	partitioner.class = class org.apache.kafka.clients.producer.internals.DefaultPartitioner
	receive.buffer.bytes = 32768
	reconnect.backoff.max.ms = 1000
	reconnect.backoff.ms = 50
	request.timeout.ms = 30000
	retries = 2147483647
	retry.backoff.ms = 100
	sasl.client.callback.handler.class = null
	sasl.jaas.config = null
	sasl.kerberos.kinit.cmd = /usr/bin/kinit
	sasl.kerberos.min.time.before.relogin = 60000
	sasl.kerberos.service.name = null
	sasl.kerberos.ticket.renew.jitter = 0.05
	sasl.kerberos.ticket.renew.window.factor = 0.8
	sasl.login.callback.handler.class = null
	sasl.login.class = null
	sasl.login.refresh.buffer.seconds = 300
	sasl.login.refresh.min.period.seconds = 60
	sasl.login.refresh.window.factor = 0.8
	sasl.login.refresh.window.jitter = 0.05
	sasl.mechanism = GSSAPI
	security.protocol = PLAINTEXT
	security.providers = null
	send.buffer.bytes = 131072
	ssl.cipher.suites = null
	ssl.enabled.protocols = [TLSv1.2]
	ssl.endpoint.identification.algorithm = https
	ssl.key.password = null
	ssl.keymanager.algorithm = SunX509
	ssl.keystore.location = null
	ssl.keystore.password = null
	ssl.keystore.type = JKS
	ssl.protocol = TLSv1.2
	ssl.provider = null
	ssl.secure.random.implementation = null
	ssl.trustmanager.algorithm = PKIX
	ssl.truststore.location = null
	ssl.truststore.password = null
	ssl.truststore.type = JKS
	transaction.timeout.ms = 60000
	transactional.id = null
	value.serializer = class org.apache.kafka.common.serialization.StringSerializer

2020-07-27 20:31:21.606  INFO 22980 --- [main] o.a.kafka.common.utils.AppInfoParser     : Kafka version: 2.5.0
2020-07-27 20:31:21.607  INFO 22980 --- [main] o.a.kafka.common.utils.AppInfoParser     : Kafka commitId: 66563e712b0b9f84
2020-07-27 20:31:21.609  INFO 22980 --- [main] o.a.kafka.common.utils.AppInfoParser     : Kafka startTimeMs: 1595878281604
2020-07-27 20:31:21.626  INFO 22980 --- [main] c.t.d.service.impl.DownloadServiceImpl   : Running executor service
2020-07-27 20:31:21.710  INFO 22980 --- [main] o.s.s.concurrent.ThreadPoolTaskExecutor  : Initializing ExecutorService 'clientInboundChannelExecutor'
2020-07-27 20:31:21.715  INFO 22980 --- [main] o.s.s.concurrent.ThreadPoolTaskExecutor  : Initializing ExecutorService 'clientOutboundChannelExecutor'
2020-07-27 20:31:21.746  INFO 22980 --- [main] o.s.s.c.ThreadPoolTaskScheduler          : Initializing ExecutorService 'messageBrokerTaskScheduler'
2020-07-27 20:31:21.804  INFO 22980 --- [main] o.s.s.concurrent.ThreadPoolTaskExecutor  : Initializing ExecutorService 'brokerChannelExecutor'
2020-07-27 20:31:22.256  WARN 22980 --- [main] ConfigServletWebServerApplicationContext : Exception encountered during context initialization - cancelling refresh attempt: org.springframework.beans.factory.UnsatisfiedDependencyException: Error creating bean with name 'org.springframework.boot.autoconfigure.kafka.KafkaAnnotationDrivenConfiguration': Unsatisfied dependency expressed through constructor parameter 0; nested exception is org.springframework.beans.factory.BeanCreationException: Error creating bean with name 'spring.kafka-org.springframework.boot.autoconfigure.kafka.KafkaProperties': Instantiation of bean failed; nested exception is org.springframework.beans.BeanInstantiationException: Failed to instantiate [org.springframework.boot.autoconfigure.kafka.KafkaProperties]: Constructor threw exception; nested exception is java.lang.NoClassDefFoundError: org/apache/kafka/common/requests/IsolationLevel
2020-07-27 20:31:22.257  INFO 22980 --- [main] o.s.s.concurrent.ThreadPoolTaskExecutor  : Shutting down ExecutorService 'brokerChannelExecutor'
2020-07-27 20:31:22.259  INFO 22980 --- [main] o.s.s.c.ThreadPoolTaskScheduler          : Shutting down ExecutorService 'messageBrokerTaskScheduler'
2020-07-27 20:31:22.266  INFO 22980 --- [main] o.s.s.concurrent.ThreadPoolTaskExecutor  : Shutting down ExecutorService 'clientOutboundChannelExecutor'
2020-07-27 20:31:22.266  INFO 22980 --- [main] o.s.s.concurrent.ThreadPoolTaskExecutor  : Shutting down ExecutorService 'clientInboundChannelExecutor'
2020-07-27 20:31:22.267  INFO 22980 --- [main] c.t.d.service.impl.DownloadServiceImpl   : Executor service has stopped
2020-07-27 20:31:22.270  INFO 22980 --- [main] o.a.k.clients.producer.KafkaProducer     : [Producer clientId=tivo] Closing the Kafka producer with timeoutMillis = 9223372036854775807 ms.
2020-07-27 20:31:22.519  INFO 22980 --- [main] c.t.d.s.impl.CacheControllerServiceImpl  : Scheduler is shutdown
2020-07-27 20:31:22.528  INFO 22980 --- [main] o.apache.catalina.core.StandardService   : Stopping service [Tomcat]
2020-07-27 20:31:22.556  INFO 22980 --- [main] ConditionEvaluationReportLoggingListener : 

Error starting ApplicationContext. To display the conditions report re-run your application with 'debug' enabled.
2020-07-27 20:31:22.566 ERROR 22980 --- [main] o.s.boot.SpringApplication               : Application run failed

org.springframework.beans.factory.UnsatisfiedDependencyException: Error creating bean with name 'org.springframework.boot.autoconfigure.kafka.KafkaAnnotationDrivenConfiguration': Unsatisfied dependency expressed through constructor parameter 0; nested exception is org.springframework.beans.factory.BeanCreationException: Error creating bean with name 'spring.kafka-org.springframework.boot.autoconfigure.kafka.KafkaProperties': Instantiation of bean failed; nested exception is org.springframework.beans.BeanInstantiationException: Failed to instantiate [org.springframework.boot.autoconfigure.kafka.KafkaProperties]: Constructor threw exception; nested exception is java.lang.NoClassDefFoundError: org/apache/kafka/common/requests/IsolationLevel
	at org.springframework.beans.factory.support.ConstructorResolver.createArgumentArray(ConstructorResolver.java:787) ~[spring-beans-5.2.0.RELEASE.jar!/:5.2.0.RELEASE]
	at org.springframework.beans.factory.support.ConstructorResolver.autowireConstructor(ConstructorResolver.java:226) ~[spring-beans-5.2.0.RELEASE.jar!/:5.2.0.RELEASE]
	at org.springframework.beans.factory.support.AbstractAutowireCapableBeanFactory.autowireConstructor(AbstractAutowireCapableBeanFactory.java:1358) ~[spring-beans-5.2.0.RELEASE.jar!/:5.2.0.RELEASE]
	at org.springframework.beans.factory.support.AbstractAutowireCapableBeanFactory.createBeanInstance(AbstractAutowireCapableBeanFactory.java:1204) ~[spring-beans-5.2.0.RELEASE.jar!/:5.2.0.RELEASE]
	at org.springframework.beans.factory.support.AbstractAutowireCapableBeanFactory.doCreateBean(AbstractAutowireCapableBeanFactory.java:557) ~[spring-beans-5.2.0.RELEASE.jar!/:5.2.0.RELEASE]
	at org.springframework.beans.factory.support.AbstractAutowireCapableBeanFactory.createBean(AbstractAutowireCapableBeanFactory.java:517) ~[spring-beans-5.2.0.RELEASE.jar!/:5.2.0.RELEASE]
	at org.springframework.beans.factory.support.AbstractBeanFactory.lambda$doGetBean$0(AbstractBeanFactory.java:323) ~[spring-beans-5.2.0.RELEASE.jar!/:5.2.0.RELEASE]
	at org.springframework.beans.factory.support.DefaultSingletonBeanRegistry.getSingleton(DefaultSingletonBeanRegistry.java:222) ~[spring-beans-5.2.0.RELEASE.jar!/:5.2.0.RELEASE]
	at org.springframework.beans.factory.support.AbstractBeanFactory.doGetBean(AbstractBeanFactory.java:321) ~[spring-beans-5.2.0.RELEASE.jar!/:5.2.0.RELEASE]
	at org.springframework.beans.factory.support.AbstractBeanFactory.getBean(AbstractBeanFactory.java:202) ~[spring-beans-5.2.0.RELEASE.jar!/:5.2.0.RELEASE]
	at org.springframework.beans.factory.support.DefaultListableBeanFactory.preInstantiateSingletons(DefaultListableBeanFactory.java:879) ~[spring-beans-5.2.0.RELEASE.jar!/:5.2.0.RELEASE]
	at org.springframework.context.support.AbstractApplicationContext.finishBeanFactoryInitialization(AbstractApplicationContext.java:878) ~[spring-context-5.2.0.RELEASE.jar!/:5.2.0.RELEASE]
	at org.springframework.context.support.AbstractApplicationContext.refresh(AbstractApplicationContext.java:550) ~[spring-context-5.2.0.RELEASE.jar!/:5.2.0.RELEASE]
	at org.springframework.boot.web.servlet.context.ServletWebServerApplicationContext.refresh(ServletWebServerApplicationContext.java:141) ~[spring-boot-2.2.0.BUILD-SNAPSHOT.jar!/:2.2.0.BUILD-SNAPSHOT]
	at org.springframework.boot.SpringApplication.refresh(SpringApplication.java:747) [spring-boot-2.2.0.BUILD-SNAPSHOT.jar!/:2.2.0.BUILD-SNAPSHOT]
	at org.springframework.boot.SpringApplication.refreshContext(SpringApplication.java:397) [spring-boot-2.2.0.BUILD-SNAPSHOT.jar!/:2.2.0.BUILD-SNAPSHOT]
	at org.springframework.boot.SpringApplication.run(SpringApplication.java:315) [spring-boot-2.2.0.BUILD-SNAPSHOT.jar!/:2.2.0.BUILD-SNAPSHOT]
	at org.springframework.boot.SpringApplication.run(SpringApplication.java:1226) [spring-boot-2.2.0.BUILD-SNAPSHOT.jar!/:2.2.0.BUILD-SNAPSHOT]
	at org.springframework.boot.SpringApplication.run(SpringApplication.java:1215) [spring-boot-2.2.0.BUILD-SNAPSHOT.jar!/:2.2.0.BUILD-SNAPSHOT]
	at com.tivo.download.TivoDownloadServiceApplication.main(TivoDownloadServiceApplication.java:10) [classes!/:0.0.1-SNAPSHOT]
	at sun.reflect.NativeMethodAccessorImpl.invoke0(Native Method) ~[na:1.8.0_211]
	at sun.reflect.NativeMethodAccessorImpl.invoke(Unknown Source) ~[na:1.8.0_211]
	at sun.reflect.DelegatingMethodAccessorImpl.invoke(Unknown Source) ~[na:1.8.0_211]
	at java.lang.reflect.Method.invoke(Unknown Source) ~[na:1.8.0_211]
	at org.springframework.boot.loader.MainMethodRunner.run(MainMethodRunner.java:48) [tivo-download-service-0.0.1-SNAPSHOT.jar:0.0.1-SNAPSHOT]
	at org.springframework.boot.loader.Launcher.launch(Launcher.java:87) [tivo-download-service-0.0.1-SNAPSHOT.jar:0.0.1-SNAPSHOT]
	at org.springframework.boot.loader.Launcher.launch(Launcher.java:51) [tivo-download-service-0.0.1-SNAPSHOT.jar:0.0.1-SNAPSHOT]
	at org.springframework.boot.loader.JarLauncher.main(JarLauncher.java:52) [tivo-download-service-0.0.1-SNAPSHOT.jar:0.0.1-SNAPSHOT]
Caused by: org.springframework.beans.factory.BeanCreationException: Error creating bean with name 'spring.kafka-org.springframework.boot.autoconfigure.kafka.KafkaProperties': Instantiation of bean failed; nested exception is org.springframework.beans.BeanInstantiationException: Failed to instantiate [org.springframework.boot.autoconfigure.kafka.KafkaProperties]: Constructor threw exception; nested exception is java.lang.NoClassDefFoundError: org/apache/kafka/common/requests/IsolationLevel
	at org.springframework.beans.factory.support.AbstractAutowireCapableBeanFactory.instantiateBean(AbstractAutowireCapableBeanFactory.java:1320) ~[spring-beans-5.2.0.RELEASE.jar!/:5.2.0.RELEASE]
	at org.springframework.beans.factory.support.AbstractAutowireCapableBeanFactory.createBeanInstance(AbstractAutowireCapableBeanFactory.java:1214) ~[spring-beans-5.2.0.RELEASE.jar!/:5.2.0.RELEASE]
	at org.springframework.beans.factory.support.AbstractAutowireCapableBeanFactory.doCreateBean(AbstractAutowireCapableBeanFactory.java:557) ~[spring-beans-5.2.0.RELEASE.jar!/:5.2.0.RELEASE]
	at org.springframework.beans.factory.support.AbstractAutowireCapableBeanFactory.createBean(AbstractAutowireCapableBeanFactory.java:517) ~[spring-beans-5.2.0.RELEASE.jar!/:5.2.0.RELEASE]
	at org.springframework.beans.factory.support.AbstractBeanFactory.lambda$doGetBean$0(AbstractBeanFactory.java:323) ~[spring-beans-5.2.0.RELEASE.jar!/:5.2.0.RELEASE]
	at org.springframework.beans.factory.support.DefaultSingletonBeanRegistry.getSingleton(DefaultSingletonBeanRegistry.java:222) ~[spring-beans-5.2.0.RELEASE.jar!/:5.2.0.RELEASE]
	at org.springframework.beans.factory.support.AbstractBeanFactory.doGetBean(AbstractBeanFactory.java:321) ~[spring-beans-5.2.0.RELEASE.jar!/:5.2.0.RELEASE]
	at org.springframework.beans.factory.support.AbstractBeanFactory.getBean(AbstractBeanFactory.java:202) ~[spring-beans-5.2.0.RELEASE.jar!/:5.2.0.RELEASE]
	at org.springframework.beans.factory.config.DependencyDescriptor.resolveCandidate(DependencyDescriptor.java:276) ~[spring-beans-5.2.0.RELEASE.jar!/:5.2.0.RELEASE]
	at org.springframework.beans.factory.support.DefaultListableBeanFactory.doResolveDependency(DefaultListableBeanFactory.java:1287) ~[spring-beans-5.2.0.RELEASE.jar!/:5.2.0.RELEASE]
	at org.springframework.beans.factory.support.DefaultListableBeanFactory.resolveDependency(DefaultListableBeanFactory.java:1207) ~[spring-beans-5.2.0.RELEASE.jar!/:5.2.0.RELEASE]
	at org.springframework.beans.factory.support.ConstructorResolver.resolveAutowiredArgument(ConstructorResolver.java:874) ~[spring-beans-5.2.0.RELEASE.jar!/:5.2.0.RELEASE]
	at org.springframework.beans.factory.support.ConstructorResolver.createArgumentArray(ConstructorResolver.java:778) ~[spring-beans-5.2.0.RELEASE.jar!/:5.2.0.RELEASE]
	... 27 common frames omitted
Caused by: org.springframework.beans.BeanInstantiationException: Failed to instantiate [org.springframework.boot.autoconfigure.kafka.KafkaProperties]: Constructor threw exception; nested exception is java.lang.NoClassDefFoundError: org/apache/kafka/common/requests/IsolationLevel
	at org.springframework.beans.BeanUtils.instantiateClass(BeanUtils.java:213) ~[spring-beans-5.2.0.RELEASE.jar!/:5.2.0.RELEASE]
	at org.springframework.beans.factory.support.SimpleInstantiationStrategy.instantiate(SimpleInstantiationStrategy.java:87) ~[spring-beans-5.2.0.RELEASE.jar!/:5.2.0.RELEASE]
	at org.springframework.beans.factory.support.AbstractAutowireCapableBeanFactory.instantiateBean(AbstractAutowireCapableBeanFactory.java:1312) ~[spring-beans-5.2.0.RELEASE.jar!/:5.2.0.RELEASE]
	... 39 common frames omitted
Caused by: java.lang.NoClassDefFoundError: org/apache/kafka/common/requests/IsolationLevel
	at org.springframework.boot.autoconfigure.kafka.KafkaProperties$Consumer.<init>(KafkaProperties.java:274) ~[spring-boot-autoconfigure-2.2.0.BUILD-SNAPSHOT.jar!/:2.2.0.BUILD-SNAPSHOT]
	at org.springframework.boot.autoconfigure.kafka.KafkaProperties.<init>(KafkaProperties.java:78) ~[spring-boot-autoconfigure-2.2.0.BUILD-SNAPSHOT.jar!/:2.2.0.BUILD-SNAPSHOT]
	at sun.reflect.NativeConstructorAccessorImpl.newInstance0(Native Method) ~[na:1.8.0_211]
	at sun.reflect.NativeConstructorAccessorImpl.newInstance(Unknown Source) ~[na:1.8.0_211]
	at sun.reflect.DelegatingConstructorAccessorImpl.newInstance(Unknown Source) ~[na:1.8.0_211]
	at java.lang.reflect.Constructor.newInstance(Unknown Source) ~[na:1.8.0_211]
	at org.springframework.beans.BeanUtils.instantiateClass(BeanUtils.java:200) ~[spring-beans-5.2.0.RELEASE.jar!/:5.2.0.RELEASE]
	... 41 common frames omitted
Caused by: java.lang.ClassNotFoundException: org.apache.kafka.common.requests.IsolationLevel
	at java.net.URLClassLoader.findClass(Unknown Source) ~[na:1.8.0_211]
	at java.lang.ClassLoader.loadClass(Unknown Source) ~[na:1.8.0_211]
	at org.springframework.boot.loader.LaunchedURLClassLoader.loadClass(LaunchedURLClassLoader.java:92) ~[tivo-download-service-0.0.1-SNAPSHOT.jar:0.0.1-SNAPSHOT]
	at java.lang.ClassLoader.loadClass(Unknown Source) ~[na:1.8.0_211]
	... 48 common frames omitted

2020-07-27 20:34:06.277  INFO 40936 --- [main] c.t.d.TivoDownloadServiceApplication     : Starting TivoDownloadServiceApplication v0.0.1-SNAPSHOT on DESKTOP-KHBEN76 with PID 40936 (C:\Users\Raheal\Documents\workspace\tivo-download-service\target\tivo-download-service-0.0.1-SNAPSHOT.jar started by Raheal in C:\Users\Raheal\Documents\workspace\tivo-download-service)
2020-07-27 20:34:06.281  INFO 40936 --- [main] c.t.d.TivoDownloadServiceApplication     : No active profile set, falling back to default profiles: default
2020-07-27 20:34:07.788  INFO 40936 --- [main] o.s.b.w.embedded.tomcat.TomcatWebServer  : Tomcat initialized with port(s): 8080 (http)
2020-07-27 20:34:07.800  INFO 40936 --- [main] o.apache.catalina.core.StandardService   : Starting service [Tomcat]
2020-07-27 20:34:07.800  INFO 40936 --- [main] org.apache.catalina.core.StandardEngine  : Starting Servlet engine: [Apache Tomcat/9.0.27]
2020-07-27 20:34:07.863  INFO 40936 --- [main] o.a.c.c.C.[Tomcat].[localhost].[/]       : Initializing Spring embedded WebApplicationContext
2020-07-27 20:34:07.863  INFO 40936 --- [main] o.s.web.context.ContextLoader            : Root WebApplicationContext: initialization completed in 1526 ms
2020-07-27 20:34:08.196  INFO 40936 --- [pool-1-thread-1] c.t.download.cache.DownloadStatusCache   : Download Record Cache is instantiated
2020-07-27 20:34:08.236  INFO 40936 --- [main] o.a.k.clients.producer.ProducerConfig    : ProducerConfig values: 
	acks = 1
	batch.size = 16384
	bootstrap.servers = [localhost:9092]
	buffer.memory = 33554432
	client.dns.lookup = default
	client.id = tivo
	compression.type = none
	connections.max.idle.ms = 540000
	delivery.timeout.ms = 120000
	enable.idempotence = false
	interceptor.classes = []
	key.serializer = class org.apache.kafka.common.serialization.LongSerializer
	linger.ms = 0
	max.block.ms = 60000
	max.in.flight.requests.per.connection = 5
	max.request.size = 1048576
	metadata.max.age.ms = 300000
	metric.reporters = []
	metrics.num.samples = 2
	metrics.recording.level = INFO
	metrics.sample.window.ms = 30000
	partitioner.class = class org.apache.kafka.clients.producer.internals.DefaultPartitioner
	receive.buffer.bytes = 32768
	reconnect.backoff.max.ms = 1000
	reconnect.backoff.ms = 50
	request.timeout.ms = 30000
	retries = 2147483647
	retry.backoff.ms = 100
	sasl.client.callback.handler.class = null
	sasl.jaas.config = null
	sasl.kerberos.kinit.cmd = /usr/bin/kinit
	sasl.kerberos.min.time.before.relogin = 60000
	sasl.kerberos.service.name = null
	sasl.kerberos.ticket.renew.jitter = 0.05
	sasl.kerberos.ticket.renew.window.factor = 0.8
	sasl.login.callback.handler.class = null
	sasl.login.class = null
	sasl.login.refresh.buffer.seconds = 300
	sasl.login.refresh.min.period.seconds = 60
	sasl.login.refresh.window.factor = 0.8
	sasl.login.refresh.window.jitter = 0.05
	sasl.mechanism = GSSAPI
	security.protocol = PLAINTEXT
	send.buffer.bytes = 131072
	ssl.cipher.suites = null
	ssl.enabled.protocols = [TLSv1.2, TLSv1.1, TLSv1]
	ssl.endpoint.identification.algorithm = https
	ssl.key.password = null
	ssl.keymanager.algorithm = SunX509
	ssl.keystore.location = null
	ssl.keystore.password = null
	ssl.keystore.type = JKS
	ssl.protocol = TLS
	ssl.provider = null
	ssl.secure.random.implementation = null
	ssl.trustmanager.algorithm = PKIX
	ssl.truststore.location = null
	ssl.truststore.password = null
	ssl.truststore.type = JKS
	transaction.timeout.ms = 60000
	transactional.id = null
	value.serializer = class org.apache.kafka.common.serialization.StringSerializer

2020-07-27 20:34:08.303  INFO 40936 --- [main] o.a.kafka.common.utils.AppInfoParser     : Kafka version: 2.3.0
2020-07-27 20:34:08.304  INFO 40936 --- [main] o.a.kafka.common.utils.AppInfoParser     : Kafka commitId: fc1aaa116b661c8a
2020-07-27 20:34:08.306  INFO 40936 --- [main] o.a.kafka.common.utils.AppInfoParser     : Kafka startTimeMs: 1595878448302
2020-07-27 20:34:08.326  INFO 40936 --- [main] c.t.d.service.impl.DownloadServiceImpl   : Running executor service
2020-07-27 20:34:08.423  INFO 40936 --- [main] o.s.s.concurrent.ThreadPoolTaskExecutor  : Initializing ExecutorService 'clientInboundChannelExecutor'
2020-07-27 20:34:08.427  INFO 40936 --- [main] o.s.s.concurrent.ThreadPoolTaskExecutor  : Initializing ExecutorService 'clientOutboundChannelExecutor'
2020-07-27 20:34:08.457  INFO 40936 --- [main] o.s.s.c.ThreadPoolTaskScheduler          : Initializing ExecutorService 'messageBrokerTaskScheduler'
2020-07-27 20:34:08.517  INFO 40936 --- [main] o.s.s.concurrent.ThreadPoolTaskExecutor  : Initializing ExecutorService 'brokerChannelExecutor'
2020-07-27 20:34:08.574  INFO 40936 --- [kafka-producer-network-thread | tivo] org.apache.kafka.clients.Metadata        : [Producer clientId=tivo] Cluster ID: CZ4P9VzzTT-tO3ZbZiiNRQ
2020-07-27 20:34:08.992  INFO 40936 --- [main] o.s.b.a.e.web.EndpointLinksResolver      : Exposing 15 endpoint(s) beneath base path '/actuator'
2020-07-27 20:34:09.031  INFO 40936 --- [main] o.s.m.s.b.SimpleBrokerMessageHandler     : Starting...
2020-07-27 20:34:09.032  INFO 40936 --- [main] o.s.m.s.b.SimpleBrokerMessageHandler     : BrokerAvailabilityEvent[available=true, SimpleBrokerMessageHandler [DefaultSubscriptionRegistry[cache[0 destination(s)], registry[0 sessions]]]]
2020-07-27 20:34:09.040  INFO 40936 --- [main] o.s.m.s.b.SimpleBrokerMessageHandler     : Started.
2020-07-27 20:34:09.067  INFO 40936 --- [main] o.s.b.w.embedded.tomcat.TomcatWebServer  : Tomcat started on port(s): 8080 (http) with context path ''
2020-07-27 20:34:09.070  INFO 40936 --- [main] c.t.d.TivoDownloadServiceApplication     : Started TivoDownloadServiceApplication in 3.23 seconds (JVM running for 3.651)
2020-07-27 20:35:08.517  INFO 40936 --- [MessageBroker-1] o.s.w.s.c.WebSocketMessageBrokerStats    : WebSocketSession[0 current WS(0)-HttpStream(0)-HttpPoll(0), 0 total, 0 closed abnormally (0 connect failure, 0 send limit, 0 transport error)], stompSubProtocol[processed CONNECT(0)-CONNECTED(0)-DISCONNECT(0)], stompBrokerRelay[null], inboundChannel[pool size = 0, active threads = 0, queued tasks = 0, completed tasks = 0], outboundChannel[pool size = 0, active threads = 0, queued tasks = 0, completed tasks = 0], sockJsScheduler[pool size = 1, active threads = 1, queued tasks = 0, completed tasks = 0]
2020-07-27 20:36:18.399  INFO 40936 --- [http-nio-8080-exec-1] o.a.c.c.C.[Tomcat].[localhost].[/]       : Initializing Spring DispatcherServlet 'dispatcherServlet'
2020-07-27 20:36:18.399  INFO 40936 --- [http-nio-8080-exec-1] o.s.web.servlet.DispatcherServlet        : Initializing Servlet 'dispatcherServlet'
2020-07-27 20:36:18.409  INFO 40936 --- [http-nio-8080-exec-1] o.s.web.servlet.DispatcherServlet        : Completed initialization in 9 ms
2020-07-27 20:39:06.542  INFO 40936 --- [SpringContextShutdownHook] o.s.m.s.b.SimpleBrokerMessageHandler     : Stopping...
2020-07-27 20:39:06.544  INFO 40936 --- [SpringContextShutdownHook] o.s.m.s.b.SimpleBrokerMessageHandler     : BrokerAvailabilityEvent[available=false, SimpleBrokerMessageHandler [DefaultSubscriptionRegistry[cache[0 destination(s)], registry[0 sessions]]]]
2020-07-27 20:39:06.546  INFO 40936 --- [SpringContextShutdownHook] o.s.m.s.b.SimpleBrokerMessageHandler     : Stopped.
2020-07-27 20:39:06.552  INFO 40936 --- [SpringContextShutdownHook] o.s.s.concurrent.ThreadPoolTaskExecutor  : Shutting down ExecutorService 'brokerChannelExecutor'
2020-07-27 20:39:06.554  INFO 40936 --- [SpringContextShutdownHook] o.s.s.c.ThreadPoolTaskScheduler          : Shutting down ExecutorService 'messageBrokerTaskScheduler'
2020-07-27 20:39:06.557  INFO 40936 --- [SpringContextShutdownHook] o.s.s.concurrent.ThreadPoolTaskExecutor  : Shutting down ExecutorService 'clientOutboundChannelExecutor'
2020-07-27 20:39:06.558  INFO 40936 --- [SpringContextShutdownHook] o.s.s.concurrent.ThreadPoolTaskExecutor  : Shutting down ExecutorService 'clientInboundChannelExecutor'
2020-07-27 20:39:06.560  INFO 40936 --- [SpringContextShutdownHook] c.t.d.service.impl.DownloadServiceImpl   : Executor service has stopped
2020-07-27 20:39:06.561  INFO 40936 --- [SpringContextShutdownHook] o.a.k.clients.producer.KafkaProducer     : [Producer clientId=tivo] Closing the Kafka producer with timeoutMillis = 9223372036854775807 ms.
2020-07-27 20:39:06.574  INFO 40936 --- [SpringContextShutdownHook] c.t.d.s.impl.CacheControllerServiceImpl  : Scheduler is shutdown
2020-07-27 20:40:11.213  INFO 8560 --- [main] c.t.d.TivoDownloadServiceApplication     : Starting TivoDownloadServiceApplication v0.0.1-SNAPSHOT on DESKTOP-KHBEN76 with PID 8560 (C:\Users\Raheal\Documents\workspace\tivo-download-service\target\tivo-download-service-0.0.1-SNAPSHOT.jar started by Raheal in C:\Users\Raheal\Documents\workspace\tivo-download-service)
2020-07-27 20:40:11.216  INFO 8560 --- [main] c.t.d.TivoDownloadServiceApplication     : No active profile set, falling back to default profiles: default
2020-07-27 20:40:12.715  INFO 8560 --- [main] o.s.b.w.embedded.tomcat.TomcatWebServer  : Tomcat initialized with port(s): 8080 (http)
2020-07-27 20:40:12.728  INFO 8560 --- [main] o.apache.catalina.core.StandardService   : Starting service [Tomcat]
2020-07-27 20:40:12.729  INFO 8560 --- [main] org.apache.catalina.core.StandardEngine  : Starting Servlet engine: [Apache Tomcat/9.0.27]
2020-07-27 20:40:12.793  INFO 8560 --- [main] o.a.c.c.C.[Tomcat].[localhost].[/]       : Initializing Spring embedded WebApplicationContext
2020-07-27 20:40:12.793  INFO 8560 --- [main] o.s.web.context.ContextLoader            : Root WebApplicationContext: initialization completed in 1523 ms
2020-07-27 20:40:13.069  INFO 8560 --- [pool-1-thread-1] c.t.download.cache.DownloadStatusCache   : Download Record Cache is instantiated
2020-07-27 20:40:13.108  INFO 8560 --- [main] o.a.k.clients.producer.ProducerConfig    : ProducerConfig values: 
	acks = 1
	batch.size = 16384
	bootstrap.servers = [localhost:9092]
	buffer.memory = 33554432
	client.dns.lookup = default
	client.id = tivo
	compression.type = none
	connections.max.idle.ms = 540000
	delivery.timeout.ms = 120000
	enable.idempotence = false
	interceptor.classes = []
	key.serializer = class org.apache.kafka.common.serialization.LongSerializer
	linger.ms = 0
	max.block.ms = 60000
	max.in.flight.requests.per.connection = 5
	max.request.size = 1048576
	metadata.max.age.ms = 300000
	metric.reporters = []
	metrics.num.samples = 2
	metrics.recording.level = INFO
	metrics.sample.window.ms = 30000
	partitioner.class = class org.apache.kafka.clients.producer.internals.DefaultPartitioner
	receive.buffer.bytes = 32768
	reconnect.backoff.max.ms = 1000
	reconnect.backoff.ms = 50
	request.timeout.ms = 30000
	retries = 2147483647
	retry.backoff.ms = 100
	sasl.client.callback.handler.class = null
	sasl.jaas.config = null
	sasl.kerberos.kinit.cmd = /usr/bin/kinit
	sasl.kerberos.min.time.before.relogin = 60000
	sasl.kerberos.service.name = null
	sasl.kerberos.ticket.renew.jitter = 0.05
	sasl.kerberos.ticket.renew.window.factor = 0.8
	sasl.login.callback.handler.class = null
	sasl.login.class = null
	sasl.login.refresh.buffer.seconds = 300
	sasl.login.refresh.min.period.seconds = 60
	sasl.login.refresh.window.factor = 0.8
	sasl.login.refresh.window.jitter = 0.05
	sasl.mechanism = GSSAPI
	security.protocol = PLAINTEXT
	send.buffer.bytes = 131072
	ssl.cipher.suites = null
	ssl.enabled.protocols = [TLSv1.2, TLSv1.1, TLSv1]
	ssl.endpoint.identification.algorithm = https
	ssl.key.password = null
	ssl.keymanager.algorithm = SunX509
	ssl.keystore.location = null
	ssl.keystore.password = null
	ssl.keystore.type = JKS
	ssl.protocol = TLS
	ssl.provider = null
	ssl.secure.random.implementation = null
	ssl.trustmanager.algorithm = PKIX
	ssl.truststore.location = null
	ssl.truststore.password = null
	ssl.truststore.type = JKS
	transaction.timeout.ms = 60000
	transactional.id = null
	value.serializer = class org.apache.kafka.common.serialization.StringSerializer

2020-07-27 20:40:13.380  INFO 8560 --- [main] o.a.kafka.common.utils.AppInfoParser     : Kafka version: 2.3.0
2020-07-27 20:40:13.382  INFO 8560 --- [main] o.a.kafka.common.utils.AppInfoParser     : Kafka commitId: fc1aaa116b661c8a
2020-07-27 20:40:13.385  INFO 8560 --- [main] o.a.kafka.common.utils.AppInfoParser     : Kafka startTimeMs: 1595878813378
2020-07-27 20:40:13.419  INFO 8560 --- [main] c.t.d.service.impl.DownloadServiceImpl   : Running executor service
2020-07-27 20:40:13.546  INFO 8560 --- [main] o.s.s.concurrent.ThreadPoolTaskExecutor  : Initializing ExecutorService 'clientInboundChannelExecutor'
2020-07-27 20:40:13.555  INFO 8560 --- [main] o.s.s.concurrent.ThreadPoolTaskExecutor  : Initializing ExecutorService 'clientOutboundChannelExecutor'
2020-07-27 20:40:13.591  INFO 8560 --- [main] o.s.s.c.ThreadPoolTaskScheduler          : Initializing ExecutorService 'messageBrokerTaskScheduler'
2020-07-27 20:40:13.663  INFO 8560 --- [main] o.s.s.concurrent.ThreadPoolTaskExecutor  : Initializing ExecutorService 'brokerChannelExecutor'
2020-07-27 20:40:13.726  INFO 8560 --- [kafka-producer-network-thread | tivo] org.apache.kafka.clients.Metadata        : [Producer clientId=tivo] Cluster ID: CZ4P9VzzTT-tO3ZbZiiNRQ
2020-07-27 20:40:14.214  INFO 8560 --- [main] o.s.b.a.e.web.EndpointLinksResolver      : Exposing 15 endpoint(s) beneath base path '/actuator'
2020-07-27 20:40:14.268  INFO 8560 --- [main] o.s.m.s.b.SimpleBrokerMessageHandler     : Starting...
2020-07-27 20:40:14.270  INFO 8560 --- [main] o.s.m.s.b.SimpleBrokerMessageHandler     : BrokerAvailabilityEvent[available=true, SimpleBrokerMessageHandler [DefaultSubscriptionRegistry[cache[0 destination(s)], registry[0 sessions]]]]
2020-07-27 20:40:14.344  INFO 8560 --- [main] o.s.m.s.b.SimpleBrokerMessageHandler     : Started.
2020-07-27 20:40:14.412  INFO 8560 --- [main] o.s.b.w.embedded.tomcat.TomcatWebServer  : Tomcat started on port(s): 8080 (http) with context path ''
2020-07-27 20:40:14.423  INFO 8560 --- [main] c.t.d.TivoDownloadServiceApplication     : Started TivoDownloadServiceApplication in 3.667 seconds (JVM running for 4.092)
2020-07-27 20:40:43.298  INFO 8560 --- [http-nio-8080-exec-3] o.a.c.c.C.[Tomcat].[localhost].[/]       : Initializing Spring DispatcherServlet 'dispatcherServlet'
2020-07-27 20:40:43.299  INFO 8560 --- [http-nio-8080-exec-3] o.s.web.servlet.DispatcherServlet        : Initializing Servlet 'dispatcherServlet'
2020-07-27 20:40:43.307  INFO 8560 --- [http-nio-8080-exec-3] o.s.web.servlet.DispatcherServlet        : Completed initialization in 7 ms
2020-07-27 20:40:43.458  WARN 8560 --- [kafka-producer-network-thread | tivo] org.apache.kafka.clients.NetworkClient   : [Producer clientId=tivo] Error while fetching metadata with correlation id 3 : {${kafka.topic=INVALID_TOPIC_EXCEPTION}
2020-07-27 20:40:43.458 ERROR 8560 --- [kafka-producer-network-thread | tivo] org.apache.kafka.clients.Metadata        : [Producer clientId=tivo] Metadata response reported invalid topics [${kafka.topic]
2020-07-27 20:41:07.721  INFO 8560 --- [SpringContextShutdownHook] o.s.m.s.b.SimpleBrokerMessageHandler     : Stopping...
2020-07-27 20:41:07.722  INFO 8560 --- [SpringContextShutdownHook] o.s.m.s.b.SimpleBrokerMessageHandler     : BrokerAvailabilityEvent[available=false, SimpleBrokerMessageHandler [DefaultSubscriptionRegistry[cache[0 destination(s)], registry[0 sessions]]]]
2020-07-27 20:41:07.723  INFO 8560 --- [SpringContextShutdownHook] o.s.m.s.b.SimpleBrokerMessageHandler     : Stopped.
2020-07-27 20:41:07.728  INFO 8560 --- [SpringContextShutdownHook] o.s.s.concurrent.ThreadPoolTaskExecutor  : Shutting down ExecutorService 'brokerChannelExecutor'
2020-07-27 20:41:07.730  INFO 8560 --- [SpringContextShutdownHook] o.s.s.c.ThreadPoolTaskScheduler          : Shutting down ExecutorService 'messageBrokerTaskScheduler'
2020-07-27 20:41:07.732  INFO 8560 --- [SpringContextShutdownHook] o.s.s.concurrent.ThreadPoolTaskExecutor  : Shutting down ExecutorService 'clientOutboundChannelExecutor'
2020-07-27 20:41:07.733  INFO 8560 --- [SpringContextShutdownHook] o.s.s.concurrent.ThreadPoolTaskExecutor  : Shutting down ExecutorService 'clientInboundChannelExecutor'
2020-07-27 20:41:07.735  INFO 8560 --- [SpringContextShutdownHook] c.t.d.service.impl.DownloadServiceImpl   : Executor service has stopped
2020-07-27 20:41:07.736  INFO 8560 --- [SpringContextShutdownHook] o.a.k.clients.producer.KafkaProducer     : [Producer clientId=tivo] Closing the Kafka producer with timeoutMillis = 9223372036854775807 ms.
2020-07-27 20:41:07.762  INFO 8560 --- [SpringContextShutdownHook] c.t.d.s.impl.CacheControllerServiceImpl  : Scheduler is shutdown
2020-07-27 20:41:26.060  INFO 37224 --- [main] c.t.d.TivoDownloadServiceApplication     : Starting TivoDownloadServiceApplication v0.0.1-SNAPSHOT on DESKTOP-KHBEN76 with PID 37224 (C:\Users\Raheal\Documents\workspace\tivo-download-service\target\tivo-download-service-0.0.1-SNAPSHOT.jar started by Raheal in C:\Users\Raheal\Documents\workspace\tivo-download-service)
2020-07-27 20:41:26.062  INFO 37224 --- [main] c.t.d.TivoDownloadServiceApplication     : No active profile set, falling back to default profiles: default
2020-07-27 20:41:27.547  INFO 37224 --- [main] o.s.b.w.embedded.tomcat.TomcatWebServer  : Tomcat initialized with port(s): 8080 (http)
2020-07-27 20:41:27.569  INFO 37224 --- [main] o.apache.catalina.core.StandardService   : Starting service [Tomcat]
2020-07-27 20:41:27.570  INFO 37224 --- [main] org.apache.catalina.core.StandardEngine  : Starting Servlet engine: [Apache Tomcat/9.0.27]
2020-07-27 20:41:27.647  INFO 37224 --- [main] o.a.c.c.C.[Tomcat].[localhost].[/]       : Initializing Spring embedded WebApplicationContext
2020-07-27 20:41:27.648  INFO 37224 --- [main] o.s.web.context.ContextLoader            : Root WebApplicationContext: initialization completed in 1529 ms
2020-07-27 20:41:27.903  INFO 37224 --- [pool-1-thread-1] c.t.download.cache.DownloadStatusCache   : Download Record Cache is instantiated
2020-07-27 20:41:27.939  INFO 37224 --- [main] o.a.k.clients.producer.ProducerConfig    : ProducerConfig values: 
	acks = 1
	batch.size = 16384
	bootstrap.servers = [localhost:9092]
	buffer.memory = 33554432
	client.dns.lookup = default
	client.id = tivo
	compression.type = none
	connections.max.idle.ms = 540000
	delivery.timeout.ms = 120000
	enable.idempotence = false
	interceptor.classes = []
	key.serializer = class org.apache.kafka.common.serialization.LongSerializer
	linger.ms = 0
	max.block.ms = 60000
	max.in.flight.requests.per.connection = 5
	max.request.size = 1048576
	metadata.max.age.ms = 300000
	metric.reporters = []
	metrics.num.samples = 2
	metrics.recording.level = INFO
	metrics.sample.window.ms = 30000
	partitioner.class = class org.apache.kafka.clients.producer.internals.DefaultPartitioner
	receive.buffer.bytes = 32768
	reconnect.backoff.max.ms = 1000
	reconnect.backoff.ms = 50
	request.timeout.ms = 30000
	retries = 2147483647
	retry.backoff.ms = 100
	sasl.client.callback.handler.class = null
	sasl.jaas.config = null
	sasl.kerberos.kinit.cmd = /usr/bin/kinit
	sasl.kerberos.min.time.before.relogin = 60000
	sasl.kerberos.service.name = null
	sasl.kerberos.ticket.renew.jitter = 0.05
	sasl.kerberos.ticket.renew.window.factor = 0.8
	sasl.login.callback.handler.class = null
	sasl.login.class = null
	sasl.login.refresh.buffer.seconds = 300
	sasl.login.refresh.min.period.seconds = 60
	sasl.login.refresh.window.factor = 0.8
	sasl.login.refresh.window.jitter = 0.05
	sasl.mechanism = GSSAPI
	security.protocol = PLAINTEXT
	send.buffer.bytes = 131072
	ssl.cipher.suites = null
	ssl.enabled.protocols = [TLSv1.2, TLSv1.1, TLSv1]
	ssl.endpoint.identification.algorithm = https
	ssl.key.password = null
	ssl.keymanager.algorithm = SunX509
	ssl.keystore.location = null
	ssl.keystore.password = null
	ssl.keystore.type = JKS
	ssl.protocol = TLS
	ssl.provider = null
	ssl.secure.random.implementation = null
	ssl.trustmanager.algorithm = PKIX
	ssl.truststore.location = null
	ssl.truststore.password = null
	ssl.truststore.type = JKS
	transaction.timeout.ms = 60000
	transactional.id = null
	value.serializer = class org.apache.kafka.common.serialization.StringSerializer

2020-07-27 20:41:28.124  INFO 37224 --- [main] o.a.kafka.common.utils.AppInfoParser     : Kafka version: 2.3.0
2020-07-27 20:41:28.126  INFO 37224 --- [main] o.a.kafka.common.utils.AppInfoParser     : Kafka commitId: fc1aaa116b661c8a
2020-07-27 20:41:28.134  INFO 37224 --- [main] o.a.kafka.common.utils.AppInfoParser     : Kafka startTimeMs: 1595878888123
2020-07-27 20:41:28.153  INFO 37224 --- [main] c.t.d.service.impl.DownloadServiceImpl   : Running executor service
2020-07-27 20:41:28.242  INFO 37224 --- [main] o.s.s.concurrent.ThreadPoolTaskExecutor  : Initializing ExecutorService 'clientInboundChannelExecutor'
2020-07-27 20:41:28.248  INFO 37224 --- [main] o.s.s.concurrent.ThreadPoolTaskExecutor  : Initializing ExecutorService 'clientOutboundChannelExecutor'
2020-07-27 20:41:28.280  INFO 37224 --- [main] o.s.s.c.ThreadPoolTaskScheduler          : Initializing ExecutorService 'messageBrokerTaskScheduler'
2020-07-27 20:41:28.301  INFO 37224 --- [kafka-producer-network-thread | tivo] org.apache.kafka.clients.Metadata        : [Producer clientId=tivo] Cluster ID: CZ4P9VzzTT-tO3ZbZiiNRQ
2020-07-27 20:41:28.341  INFO 37224 --- [main] o.s.s.concurrent.ThreadPoolTaskExecutor  : Initializing ExecutorService 'brokerChannelExecutor'
2020-07-27 20:41:28.774  INFO 37224 --- [main] o.s.b.a.e.web.EndpointLinksResolver      : Exposing 15 endpoint(s) beneath base path '/actuator'
2020-07-27 20:41:28.809  INFO 37224 --- [main] o.s.m.s.b.SimpleBrokerMessageHandler     : Starting...
2020-07-27 20:41:28.810  INFO 37224 --- [main] o.s.m.s.b.SimpleBrokerMessageHandler     : BrokerAvailabilityEvent[available=true, SimpleBrokerMessageHandler [DefaultSubscriptionRegistry[cache[0 destination(s)], registry[0 sessions]]]]
2020-07-27 20:41:28.813  INFO 37224 --- [main] o.s.m.s.b.SimpleBrokerMessageHandler     : Started.
2020-07-27 20:41:28.848  INFO 37224 --- [main] o.s.b.w.embedded.tomcat.TomcatWebServer  : Tomcat started on port(s): 8080 (http) with context path ''
2020-07-27 20:41:28.851  INFO 37224 --- [main] c.t.d.TivoDownloadServiceApplication     : Started TivoDownloadServiceApplication in 3.237 seconds (JVM running for 3.695)
2020-07-27 20:41:54.098  INFO 37224 --- [http-nio-8080-exec-1] o.a.c.c.C.[Tomcat].[localhost].[/]       : Initializing Spring DispatcherServlet 'dispatcherServlet'
2020-07-27 20:41:54.099  INFO 37224 --- [http-nio-8080-exec-1] o.s.web.servlet.DispatcherServlet        : Initializing Servlet 'dispatcherServlet'
2020-07-27 20:41:54.110  INFO 37224 --- [http-nio-8080-exec-1] o.s.web.servlet.DispatcherServlet        : Completed initialization in 9 ms
2020-07-27 20:42:28.341  INFO 37224 --- [MessageBroker-1] o.s.w.s.c.WebSocketMessageBrokerStats    : WebSocketSession[0 current WS(0)-HttpStream(0)-HttpPoll(0), 0 total, 0 closed abnormally (0 connect failure, 0 send limit, 0 transport error)], stompSubProtocol[processed CONNECT(0)-CONNECTED(0)-DISCONNECT(0)], stompBrokerRelay[null], inboundChannel[pool size = 0, active threads = 0, queued tasks = 0, completed tasks = 0], outboundChannel[pool size = 0, active threads = 0, queued tasks = 0, completed tasks = 0], sockJsScheduler[pool size = 1, active threads = 1, queued tasks = 0, completed tasks = 0]
2020-07-27 21:12:28.344  INFO 37224 --- [MessageBroker-1] o.s.w.s.c.WebSocketMessageBrokerStats    : WebSocketSession[0 current WS(0)-HttpStream(0)-HttpPoll(0), 0 total, 0 closed abnormally (0 connect failure, 0 send limit, 0 transport error)], stompSubProtocol[processed CONNECT(0)-CONNECTED(0)-DISCONNECT(0)], stompBrokerRelay[null], inboundChannel[pool size = 0, active threads = 0, queued tasks = 0, completed tasks = 0], outboundChannel[pool size = 0, active threads = 0, queued tasks = 0, completed tasks = 0], sockJsScheduler[pool size = 2, active threads = 1, queued tasks = 0, completed tasks = 1]
2020-07-27 21:13:58.049  INFO 37224 --- [SpringContextShutdownHook] o.s.m.s.b.SimpleBrokerMessageHandler     : Stopping...
2020-07-27 21:13:58.049  INFO 37224 --- [SpringContextShutdownHook] o.s.m.s.b.SimpleBrokerMessageHandler     : BrokerAvailabilityEvent[available=false, SimpleBrokerMessageHandler [DefaultSubscriptionRegistry[cache[0 destination(s)], registry[0 sessions]]]]
2020-07-27 21:13:58.065  INFO 37224 --- [SpringContextShutdownHook] o.s.m.s.b.SimpleBrokerMessageHandler     : Stopped.
2020-07-27 21:13:58.065  INFO 37224 --- [SpringContextShutdownHook] o.s.s.concurrent.ThreadPoolTaskExecutor  : Shutting down ExecutorService 'brokerChannelExecutor'
2020-07-27 21:13:58.065  INFO 37224 --- [SpringContextShutdownHook] o.s.s.c.ThreadPoolTaskScheduler          : Shutting down ExecutorService 'messageBrokerTaskScheduler'
2020-07-27 21:13:58.080  INFO 37224 --- [SpringContextShutdownHook] o.s.s.concurrent.ThreadPoolTaskExecutor  : Shutting down ExecutorService 'clientOutboundChannelExecutor'
2020-07-27 21:13:58.080  INFO 37224 --- [SpringContextShutdownHook] o.s.s.concurrent.ThreadPoolTaskExecutor  : Shutting down ExecutorService 'clientInboundChannelExecutor'
2020-07-27 21:13:58.080  INFO 37224 --- [SpringContextShutdownHook] c.t.d.service.impl.DownloadServiceImpl   : Executor service has stopped
2020-07-27 21:13:58.080  INFO 37224 --- [SpringContextShutdownHook] o.a.k.clients.producer.KafkaProducer     : [Producer clientId=tivo] Closing the Kafka producer with timeoutMillis = 9223372036854775807 ms.
2020-07-27 21:13:58.096  INFO 37224 --- [SpringContextShutdownHook] c.t.d.s.impl.CacheControllerServiceImpl  : Scheduler is shutdown
2020-07-27 21:14:17.402  INFO 33268 --- [main] c.t.d.TivoDownloadServiceApplication     : Starting TivoDownloadServiceApplication v0.0.1-SNAPSHOT on DESKTOP-KHBEN76 with PID 33268 (C:\Users\Raheal\Documents\workspace\tivo-download-service\target\tivo-download-service-0.0.1-SNAPSHOT.jar started by Raheal in C:\Users\Raheal\Documents\workspace\tivo-download-service)
2020-07-27 21:14:17.405  INFO 33268 --- [main] c.t.d.TivoDownloadServiceApplication     : No active profile set, falling back to default profiles: default
2020-07-27 21:14:18.866  INFO 33268 --- [main] o.s.b.w.embedded.tomcat.TomcatWebServer  : Tomcat initialized with port(s): 8080 (http)
2020-07-27 21:14:18.878  INFO 33268 --- [main] o.apache.catalina.core.StandardService   : Starting service [Tomcat]
2020-07-27 21:14:18.879  INFO 33268 --- [main] org.apache.catalina.core.StandardEngine  : Starting Servlet engine: [Apache Tomcat/9.0.27]
2020-07-27 21:14:18.942  INFO 33268 --- [main] o.a.c.c.C.[Tomcat].[localhost].[/]       : Initializing Spring embedded WebApplicationContext
2020-07-27 21:14:18.942  INFO 33268 --- [main] o.s.web.context.ContextLoader            : Root WebApplicationContext: initialization completed in 1482 ms
2020-07-27 21:14:19.223  INFO 33268 --- [pool-1-thread-1] c.t.download.cache.DownloadStatusCache   : Download Record Cache is instantiated
2020-07-27 21:14:19.230  WARN 33268 --- [main] ConfigServletWebServerApplicationContext : Exception encountered during context initialization - cancelling refresh attempt: org.springframework.beans.factory.UnsatisfiedDependencyException: Error creating bean with name 'systemController': Unsatisfied dependency expressed through field 'messagingService'; nested exception is org.springframework.beans.factory.NoSuchBeanDefinitionException: No qualifying bean of type 'com.tivo.download.service.MessagingService' available: expected at least 1 bean which qualifies as autowire candidate. Dependency annotations: {@org.springframework.beans.factory.annotation.Autowired(required=true)}
2020-07-27 21:14:19.232  INFO 33268 --- [main] c.t.d.s.impl.CacheControllerServiceImpl  : Scheduler is shutdown
2020-07-27 21:14:19.238  INFO 33268 --- [main] o.apache.catalina.core.StandardService   : Stopping service [Tomcat]
2020-07-27 21:14:19.256  INFO 33268 --- [main] ConditionEvaluationReportLoggingListener : 

Error starting ApplicationContext. To display the conditions report re-run your application with 'debug' enabled.
2020-07-27 21:14:19.454 ERROR 33268 --- [main] o.s.b.d.LoggingFailureAnalysisReporter   : 

***************************
APPLICATION FAILED TO START
***************************

Description:

Field messagingService in com.tivo.download.rest.SystemController required a bean of type 'com.tivo.download.service.MessagingService' that could not be found.

The injection point has the following annotations:
	- @org.springframework.beans.factory.annotation.Autowired(required=true)


Action:

Consider defining a bean of type 'com.tivo.download.service.MessagingService' in your configuration.

2020-07-27 21:17:47.074  INFO 38676 --- [main] c.t.d.TivoDownloadServiceApplication     : Starting TivoDownloadServiceApplication v0.0.1-SNAPSHOT on DESKTOP-KHBEN76 with PID 38676 (C:\Users\Raheal\Documents\workspace\tivo-download-service\target\tivo-download-service-0.0.1-SNAPSHOT.jar started by Raheal in C:\Users\Raheal\Documents\workspace\tivo-download-service)
2020-07-27 21:17:47.090  INFO 38676 --- [main] c.t.d.TivoDownloadServiceApplication     : No active profile set, falling back to default profiles: default
2020-07-27 21:17:48.496  INFO 38676 --- [main] o.s.b.w.embedded.tomcat.TomcatWebServer  : Tomcat initialized with port(s): 8080 (http)
2020-07-27 21:17:48.510  INFO 38676 --- [main] o.apache.catalina.core.StandardService   : Starting service [Tomcat]
2020-07-27 21:17:48.511  INFO 38676 --- [main] org.apache.catalina.core.StandardEngine  : Starting Servlet engine: [Apache Tomcat/9.0.27]
2020-07-27 21:17:48.571  INFO 38676 --- [main] o.a.c.c.C.[Tomcat].[localhost].[/]       : Initializing Spring embedded WebApplicationContext
2020-07-27 21:17:48.572  INFO 38676 --- [main] o.s.web.context.ContextLoader            : Root WebApplicationContext: initialization completed in 1435 ms
2020-07-27 21:17:48.842  INFO 38676 --- [pool-1-thread-1] c.t.download.cache.DownloadStatusCache   : Download Record Cache is instantiated
2020-07-27 21:17:48.849  INFO 38676 --- [main] c.t.d.service.impl.DownloadServiceImpl   : Running executor service
2020-07-27 21:17:48.938  INFO 38676 --- [main] o.s.s.concurrent.ThreadPoolTaskExecutor  : Initializing ExecutorService 'clientInboundChannelExecutor'
2020-07-27 21:17:48.944  INFO 38676 --- [main] o.s.s.concurrent.ThreadPoolTaskExecutor  : Initializing ExecutorService 'clientOutboundChannelExecutor'
2020-07-27 21:17:48.961  WARN 38676 --- [main] ConfigServletWebServerApplicationContext : Exception encountered during context initialization - cancelling refresh attempt: org.springframework.beans.factory.UnsatisfiedDependencyException: Error creating bean with name 'kafkaMessageHandler': Unsatisfied dependency expressed through field 'kafkaProducer'; nested exception is org.springframework.beans.factory.NoSuchBeanDefinitionException: No qualifying bean of type 'org.apache.kafka.clients.producer.KafkaProducer<java.lang.Long, java.lang.String>' available: expected at least 1 bean which qualifies as autowire candidate. Dependency annotations: {@org.springframework.beans.factory.annotation.Autowired(required=true)}
2020-07-27 21:17:48.962  INFO 38676 --- [main] o.s.s.concurrent.ThreadPoolTaskExecutor  : Shutting down ExecutorService 'clientOutboundChannelExecutor'
2020-07-27 21:17:48.964  INFO 38676 --- [main] o.s.s.concurrent.ThreadPoolTaskExecutor  : Shutting down ExecutorService 'clientInboundChannelExecutor'
2020-07-27 21:17:48.978  INFO 38676 --- [main] c.t.d.service.impl.DownloadServiceImpl   : Executor service has stopped
2020-07-27 21:17:48.980  INFO 38676 --- [main] c.t.d.s.impl.CacheControllerServiceImpl  : Scheduler is shutdown
2020-07-27 21:17:48.985  INFO 38676 --- [main] o.apache.catalina.core.StandardService   : Stopping service [Tomcat]
2020-07-27 21:17:49.002  INFO 38676 --- [main] ConditionEvaluationReportLoggingListener : 

Error starting ApplicationContext. To display the conditions report re-run your application with 'debug' enabled.
2020-07-27 21:17:49.220 ERROR 38676 --- [main] o.s.b.d.LoggingFailureAnalysisReporter   : 

***************************
APPLICATION FAILED TO START
***************************

Description:

Field kafkaProducer in com.tivo.download.messaging.kafka.KafkaMessageHandler required a bean of type 'org.apache.kafka.clients.producer.KafkaProducer' that could not be found.

The injection point has the following annotations:
	- @org.springframework.beans.factory.annotation.Autowired(required=true)


Action:

Consider defining a bean of type 'org.apache.kafka.clients.producer.KafkaProducer' in your configuration.

2020-07-27 21:19:08.336  INFO 40468 --- [main] c.t.d.TivoDownloadServiceApplication     : Starting TivoDownloadServiceApplication v0.0.1-SNAPSHOT on DESKTOP-KHBEN76 with PID 40468 (C:\Users\Raheal\Documents\workspace\tivo-download-service\target\tivo-download-service-0.0.1-SNAPSHOT.jar started by Raheal in C:\Users\Raheal\Documents\workspace\tivo-download-service)
2020-07-27 21:19:08.352  INFO 40468 --- [main] c.t.d.TivoDownloadServiceApplication     : No active profile set, falling back to default profiles: default
2020-07-27 21:19:09.790  INFO 40468 --- [main] o.s.b.w.embedded.tomcat.TomcatWebServer  : Tomcat initialized with port(s): 8080 (http)
2020-07-27 21:19:09.822  INFO 40468 --- [main] o.apache.catalina.core.StandardService   : Starting service [Tomcat]
2020-07-27 21:19:09.822  INFO 40468 --- [main] org.apache.catalina.core.StandardEngine  : Starting Servlet engine: [Apache Tomcat/9.0.27]
2020-07-27 21:19:09.884  INFO 40468 --- [main] o.a.c.c.C.[Tomcat].[localhost].[/]       : Initializing Spring embedded WebApplicationContext
2020-07-27 21:19:09.884  INFO 40468 --- [main] o.s.web.context.ContextLoader            : Root WebApplicationContext: initialization completed in 1475 ms
2020-07-27 21:19:10.181  INFO 40468 --- [pool-1-thread-1] c.t.download.cache.DownloadStatusCache   : Download Record Cache is instantiated
2020-07-27 21:19:10.181  INFO 40468 --- [main] c.t.d.service.impl.DownloadServiceImpl   : Running executor service
2020-07-27 21:19:10.290  INFO 40468 --- [main] o.s.s.concurrent.ThreadPoolTaskExecutor  : Initializing ExecutorService 'clientInboundChannelExecutor'
2020-07-27 21:19:10.290  INFO 40468 --- [main] o.s.s.concurrent.ThreadPoolTaskExecutor  : Initializing ExecutorService 'clientOutboundChannelExecutor'
2020-07-27 21:19:10.321  INFO 40468 --- [main] o.s.s.c.ThreadPoolTaskScheduler          : Initializing ExecutorService 'messageBrokerTaskScheduler'
2020-07-27 21:19:10.374  INFO 40468 --- [main] o.s.s.concurrent.ThreadPoolTaskExecutor  : Initializing ExecutorService 'brokerChannelExecutor'
2020-07-27 21:19:10.903  INFO 40468 --- [main] o.s.b.a.e.web.EndpointLinksResolver      : Exposing 15 endpoint(s) beneath base path '/actuator'
2020-07-27 21:19:10.950  INFO 40468 --- [main] o.s.m.s.b.SimpleBrokerMessageHandler     : Starting...
2020-07-27 21:19:10.950  INFO 40468 --- [main] o.s.m.s.b.SimpleBrokerMessageHandler     : BrokerAvailabilityEvent[available=true, SimpleBrokerMessageHandler [DefaultSubscriptionRegistry[cache[0 destination(s)], registry[0 sessions]]]]
2020-07-27 21:19:10.950  INFO 40468 --- [main] o.s.m.s.b.SimpleBrokerMessageHandler     : Started.
2020-07-27 21:19:11.012  INFO 40468 --- [main] o.s.b.w.embedded.tomcat.TomcatWebServer  : Tomcat started on port(s): 8080 (http) with context path ''
2020-07-27 21:19:11.012  INFO 40468 --- [main] c.t.d.TivoDownloadServiceApplication     : Started TivoDownloadServiceApplication in 3.133 seconds (JVM running for 3.567)
2020-07-27 21:19:54.364  INFO 40468 --- [http-nio-8080-exec-1] o.a.c.c.C.[Tomcat].[localhost].[/]       : Initializing Spring DispatcherServlet 'dispatcherServlet'
2020-07-27 21:19:54.365  INFO 40468 --- [http-nio-8080-exec-1] o.s.web.servlet.DispatcherServlet        : Initializing Servlet 'dispatcherServlet'
2020-07-27 21:19:54.374  INFO 40468 --- [http-nio-8080-exec-1] o.s.web.servlet.DispatcherServlet        : Completed initialization in 7 ms
2020-07-27 21:19:54.404  INFO 40468 --- [http-nio-8080-exec-1] c.t.d.m.kafka.NoopMessageServiceImpl     : Logging event from com.tivo.download.messaging.kafka.NoopMessageServiceImpl
2020-07-27 21:20:10.374  INFO 40468 --- [MessageBroker-1] o.s.w.s.c.WebSocketMessageBrokerStats    : WebSocketSession[0 current WS(0)-HttpStream(0)-HttpPoll(0), 0 total, 0 closed abnormally (0 connect failure, 0 send limit, 0 transport error)], stompSubProtocol[processed CONNECT(0)-CONNECTED(0)-DISCONNECT(0)], stompBrokerRelay[null], inboundChannel[pool size = 0, active threads = 0, queued tasks = 0, completed tasks = 0], outboundChannel[pool size = 0, active threads = 0, queued tasks = 0, completed tasks = 0], sockJsScheduler[pool size = 1, active threads = 1, queued tasks = 0, completed tasks = 0]
2020-07-27 21:21:05.229  INFO 40468 --- [SpringContextShutdownHook] o.s.m.s.b.SimpleBrokerMessageHandler     : Stopping...
2020-07-27 21:21:05.231  INFO 40468 --- [SpringContextShutdownHook] o.s.m.s.b.SimpleBrokerMessageHandler     : BrokerAvailabilityEvent[available=false, SimpleBrokerMessageHandler [DefaultSubscriptionRegistry[cache[0 destination(s)], registry[0 sessions]]]]
2020-07-27 21:21:05.237  INFO 40468 --- [SpringContextShutdownHook] o.s.m.s.b.SimpleBrokerMessageHandler     : Stopped.
2020-07-27 21:21:05.249  INFO 40468 --- [SpringContextShutdownHook] o.s.s.concurrent.ThreadPoolTaskExecutor  : Shutting down ExecutorService 'brokerChannelExecutor'
2020-07-27 21:21:05.251  INFO 40468 --- [SpringContextShutdownHook] o.s.s.c.ThreadPoolTaskScheduler          : Shutting down ExecutorService 'messageBrokerTaskScheduler'
2020-07-27 21:21:05.259  INFO 40468 --- [SpringContextShutdownHook] o.s.s.concurrent.ThreadPoolTaskExecutor  : Shutting down ExecutorService 'clientOutboundChannelExecutor'
2020-07-27 21:21:05.262  INFO 40468 --- [SpringContextShutdownHook] o.s.s.concurrent.ThreadPoolTaskExecutor  : Shutting down ExecutorService 'clientInboundChannelExecutor'
2020-07-27 21:21:05.269  INFO 40468 --- [SpringContextShutdownHook] c.t.d.service.impl.DownloadServiceImpl   : Executor service has stopped
2020-07-27 21:21:05.274  INFO 40468 --- [SpringContextShutdownHook] c.t.d.s.impl.CacheControllerServiceImpl  : Scheduler is shutdown
2020-07-27 21:21:29.087  INFO 35692 --- [main] c.t.d.TivoDownloadServiceApplication     : Starting TivoDownloadServiceApplication v0.0.1-SNAPSHOT on DESKTOP-KHBEN76 with PID 35692 (C:\Users\Raheal\Documents\workspace\tivo-download-service\target\tivo-download-service-0.0.1-SNAPSHOT.jar started by Raheal in C:\Users\Raheal\Documents\workspace\tivo-download-service)
2020-07-27 21:21:29.090  INFO 35692 --- [main] c.t.d.TivoDownloadServiceApplication     : The following profiles are active: eventProfile
2020-07-27 21:21:30.563  INFO 35692 --- [main] o.s.b.w.embedded.tomcat.TomcatWebServer  : Tomcat initialized with port(s): 8080 (http)
2020-07-27 21:21:30.576  INFO 35692 --- [main] o.apache.catalina.core.StandardService   : Starting service [Tomcat]
2020-07-27 21:21:30.577  INFO 35692 --- [main] org.apache.catalina.core.StandardEngine  : Starting Servlet engine: [Apache Tomcat/9.0.27]
2020-07-27 21:21:30.636  INFO 35692 --- [main] o.a.c.c.C.[Tomcat].[localhost].[/]       : Initializing Spring embedded WebApplicationContext
2020-07-27 21:21:30.636  INFO 35692 --- [main] o.s.web.context.ContextLoader            : Root WebApplicationContext: initialization completed in 1488 ms
2020-07-27 21:21:30.966  INFO 35692 --- [main] o.a.k.clients.producer.ProducerConfig    : ProducerConfig values: 
	acks = 1
	batch.size = 16384
	bootstrap.servers = [localhost:9092]
	buffer.memory = 33554432
	client.dns.lookup = default
	client.id = tivo
	compression.type = none
	connections.max.idle.ms = 540000
	delivery.timeout.ms = 120000
	enable.idempotence = false
	interceptor.classes = []
	key.serializer = class org.apache.kafka.common.serialization.LongSerializer
	linger.ms = 0
	max.block.ms = 60000
	max.in.flight.requests.per.connection = 5
	max.request.size = 1048576
	metadata.max.age.ms = 300000
	metric.reporters = []
	metrics.num.samples = 2
	metrics.recording.level = INFO
	metrics.sample.window.ms = 30000
	partitioner.class = class org.apache.kafka.clients.producer.internals.DefaultPartitioner
	receive.buffer.bytes = 32768
	reconnect.backoff.max.ms = 1000
	reconnect.backoff.ms = 50
	request.timeout.ms = 30000
	retries = 2147483647
	retry.backoff.ms = 100
	sasl.client.callback.handler.class = null
	sasl.jaas.config = null
	sasl.kerberos.kinit.cmd = /usr/bin/kinit
	sasl.kerberos.min.time.before.relogin = 60000
	sasl.kerberos.service.name = null
	sasl.kerberos.ticket.renew.jitter = 0.05
	sasl.kerberos.ticket.renew.window.factor = 0.8
	sasl.login.callback.handler.class = null
	sasl.login.class = null
	sasl.login.refresh.buffer.seconds = 300
	sasl.login.refresh.min.period.seconds = 60
	sasl.login.refresh.window.factor = 0.8
	sasl.login.refresh.window.jitter = 0.05
	sasl.mechanism = GSSAPI
	security.protocol = PLAINTEXT
	send.buffer.bytes = 131072
	ssl.cipher.suites = null
	ssl.enabled.protocols = [TLSv1.2, TLSv1.1, TLSv1]
	ssl.endpoint.identification.algorithm = https
	ssl.key.password = null
	ssl.keymanager.algorithm = SunX509
	ssl.keystore.location = null
	ssl.keystore.password = null
	ssl.keystore.type = JKS
	ssl.protocol = TLS
	ssl.provider = null
	ssl.secure.random.implementation = null
	ssl.trustmanager.algorithm = PKIX
	ssl.truststore.location = null
	ssl.truststore.password = null
	ssl.truststore.type = JKS
	transaction.timeout.ms = 60000
	transactional.id = null
	value.serializer = class org.apache.kafka.common.serialization.StringSerializer

2020-07-27 21:21:31.161  INFO 35692 --- [main] o.a.kafka.common.utils.AppInfoParser     : Kafka version: 2.3.0
2020-07-27 21:21:31.162  INFO 35692 --- [main] o.a.kafka.common.utils.AppInfoParser     : Kafka commitId: fc1aaa116b661c8a
2020-07-27 21:21:31.170  INFO 35692 --- [main] o.a.kafka.common.utils.AppInfoParser     : Kafka startTimeMs: 1595881291159
2020-07-27 21:21:31.180  INFO 35692 --- [pool-1-thread-1] c.t.download.cache.DownloadStatusCache   : Download Record Cache is instantiated
2020-07-27 21:21:31.183  WARN 35692 --- [main] ConfigServletWebServerApplicationContext : Exception encountered during context initialization - cancelling refresh attempt: org.springframework.beans.factory.UnsatisfiedDependencyException: Error creating bean with name 'systemController': Unsatisfied dependency expressed through field 'messagingService'; nested exception is org.springframework.beans.factory.NoUniqueBeanDefinitionException: No qualifying bean of type 'com.tivo.download.service.MessagingService' available: expected single matching bean but found 2: messagingServiceImpl,noopMessageServiceImpl
2020-07-27 21:21:31.184  INFO 35692 --- [main] c.t.d.s.impl.CacheControllerServiceImpl  : Scheduler is shutdown
2020-07-27 21:21:31.196  INFO 35692 --- [main] o.a.k.clients.producer.KafkaProducer     : [Producer clientId=tivo] Closing the Kafka producer with timeoutMillis = 9223372036854775807 ms.
2020-07-27 21:21:31.313  INFO 35692 --- [main] o.apache.catalina.core.StandardService   : Stopping service [Tomcat]
2020-07-27 21:21:31.327  INFO 35692 --- [main] ConditionEvaluationReportLoggingListener : 

Error starting ApplicationContext. To display the conditions report re-run your application with 'debug' enabled.
2020-07-27 21:21:31.329 ERROR 35692 --- [main] o.s.b.d.LoggingFailureAnalysisReporter   : 

***************************
APPLICATION FAILED TO START
***************************

Description:

Field messagingService in com.tivo.download.rest.SystemController required a single bean, but 2 were found:
	- messagingServiceImpl: defined in URL [jar:file:/C:/Users/Raheal/Documents/workspace/tivo-download-service/target/tivo-download-service-0.0.1-SNAPSHOT.jar!/BOOT-INF/classes!/com/tivo/download/service/impl/MessagingServiceImpl.class]
	- noopMessageServiceImpl: defined in URL [jar:file:/C:/Users/Raheal/Documents/workspace/tivo-download-service/target/tivo-download-service-0.0.1-SNAPSHOT.jar!/BOOT-INF/classes!/com/tivo/download/messaging/kafka/NoopMessageServiceImpl.class]


Action:

Consider marking one of the beans as @Primary, updating the consumer to accept multiple beans, or using @Qualifier to identify the bean that should be consumed

2020-07-27 21:23:07.821  INFO 1564 --- [main] c.t.d.TivoDownloadServiceApplication     : Starting TivoDownloadServiceApplication v0.0.1-SNAPSHOT on DESKTOP-KHBEN76 with PID 1564 (C:\Users\Raheal\Documents\workspace\tivo-download-service\target\tivo-download-service-0.0.1-SNAPSHOT.jar started by Raheal in C:\Users\Raheal\Documents\workspace\tivo-download-service)
2020-07-27 21:23:07.824  INFO 1564 --- [main] c.t.d.TivoDownloadServiceApplication     : The following profiles are active: eventProfile
2020-07-27 21:23:09.333  INFO 1564 --- [main] o.s.b.w.embedded.tomcat.TomcatWebServer  : Tomcat initialized with port(s): 8080 (http)
2020-07-27 21:23:09.349  INFO 1564 --- [main] o.apache.catalina.core.StandardService   : Starting service [Tomcat]
2020-07-27 21:23:09.349  INFO 1564 --- [main] org.apache.catalina.core.StandardEngine  : Starting Servlet engine: [Apache Tomcat/9.0.27]
2020-07-27 21:23:09.417  INFO 1564 --- [main] o.a.c.c.C.[Tomcat].[localhost].[/]       : Initializing Spring embedded WebApplicationContext
2020-07-27 21:23:09.417  INFO 1564 --- [main] o.s.web.context.ContextLoader            : Root WebApplicationContext: initialization completed in 1538 ms
2020-07-27 21:23:09.742  INFO 1564 --- [main] o.a.k.clients.producer.ProducerConfig    : ProducerConfig values: 
	acks = 1
	batch.size = 16384
	bootstrap.servers = [localhost:9092]
	buffer.memory = 33554432
	client.dns.lookup = default
	client.id = tivo
	compression.type = none
	connections.max.idle.ms = 540000
	delivery.timeout.ms = 120000
	enable.idempotence = false
	interceptor.classes = []
	key.serializer = class org.apache.kafka.common.serialization.LongSerializer
	linger.ms = 0
	max.block.ms = 60000
	max.in.flight.requests.per.connection = 5
	max.request.size = 1048576
	metadata.max.age.ms = 300000
	metric.reporters = []
	metrics.num.samples = 2
	metrics.recording.level = INFO
	metrics.sample.window.ms = 30000
	partitioner.class = class org.apache.kafka.clients.producer.internals.DefaultPartitioner
	receive.buffer.bytes = 32768
	reconnect.backoff.max.ms = 1000
	reconnect.backoff.ms = 50
	request.timeout.ms = 30000
	retries = 2147483647
	retry.backoff.ms = 100
	sasl.client.callback.handler.class = null
	sasl.jaas.config = null
	sasl.kerberos.kinit.cmd = /usr/bin/kinit
	sasl.kerberos.min.time.before.relogin = 60000
	sasl.kerberos.service.name = null
	sasl.kerberos.ticket.renew.jitter = 0.05
	sasl.kerberos.ticket.renew.window.factor = 0.8
	sasl.login.callback.handler.class = null
	sasl.login.class = null
	sasl.login.refresh.buffer.seconds = 300
	sasl.login.refresh.min.period.seconds = 60
	sasl.login.refresh.window.factor = 0.8
	sasl.login.refresh.window.jitter = 0.05
	sasl.mechanism = GSSAPI
	security.protocol = PLAINTEXT
	send.buffer.bytes = 131072
	ssl.cipher.suites = null
	ssl.enabled.protocols = [TLSv1.2, TLSv1.1, TLSv1]
	ssl.endpoint.identification.algorithm = https
	ssl.key.password = null
	ssl.keymanager.algorithm = SunX509
	ssl.keystore.location = null
	ssl.keystore.password = null
	ssl.keystore.type = JKS
	ssl.protocol = TLS
	ssl.provider = null
	ssl.secure.random.implementation = null
	ssl.trustmanager.algorithm = PKIX
	ssl.truststore.location = null
	ssl.truststore.password = null
	ssl.truststore.type = JKS
	transaction.timeout.ms = 60000
	transactional.id = null
	value.serializer = class org.apache.kafka.common.serialization.StringSerializer

2020-07-27 21:23:09.948  INFO 1564 --- [main] o.a.kafka.common.utils.AppInfoParser     : Kafka version: 2.3.0
2020-07-27 21:23:09.950  INFO 1564 --- [main] o.a.kafka.common.utils.AppInfoParser     : Kafka commitId: fc1aaa116b661c8a
2020-07-27 21:23:09.952  INFO 1564 --- [main] o.a.kafka.common.utils.AppInfoParser     : Kafka startTimeMs: 1595881389946
2020-07-27 21:23:09.971  INFO 1564 --- [main] c.t.d.service.impl.DownloadServiceImpl   : Running executor service
2020-07-27 21:23:10.039  INFO 1564 --- [main] o.s.s.concurrent.ThreadPoolTaskExecutor  : Initializing ExecutorService 'clientInboundChannelExecutor'
2020-07-27 21:23:10.045  INFO 1564 --- [main] o.s.s.concurrent.ThreadPoolTaskExecutor  : Initializing ExecutorService 'clientOutboundChannelExecutor'
2020-07-27 21:23:10.060  INFO 1564 --- [pool-2-thread-1] c.t.download.cache.DownloadStatusCache   : Download Record Cache is instantiated
2020-07-27 21:23:10.085  INFO 1564 --- [main] o.s.s.c.ThreadPoolTaskScheduler          : Initializing ExecutorService 'messageBrokerTaskScheduler'
2020-07-27 21:23:10.130  INFO 1564 --- [main] o.s.s.concurrent.ThreadPoolTaskExecutor  : Initializing ExecutorService 'brokerChannelExecutor'
2020-07-27 21:23:10.140  INFO 1564 --- [kafka-producer-network-thread | tivo] org.apache.kafka.clients.Metadata        : [Producer clientId=tivo] Cluster ID: CZ4P9VzzTT-tO3ZbZiiNRQ
2020-07-27 21:23:10.541  INFO 1564 --- [main] o.s.b.a.e.web.EndpointLinksResolver      : Exposing 15 endpoint(s) beneath base path '/actuator'
2020-07-27 21:23:10.575  INFO 1564 --- [main] o.s.m.s.b.SimpleBrokerMessageHandler     : Starting...
2020-07-27 21:23:10.576  INFO 1564 --- [main] o.s.m.s.b.SimpleBrokerMessageHandler     : BrokerAvailabilityEvent[available=true, SimpleBrokerMessageHandler [DefaultSubscriptionRegistry[cache[0 destination(s)], registry[0 sessions]]]]
2020-07-27 21:23:10.579  INFO 1564 --- [main] o.s.m.s.b.SimpleBrokerMessageHandler     : Started.
2020-07-27 21:23:10.619  INFO 1564 --- [main] o.s.b.w.embedded.tomcat.TomcatWebServer  : Tomcat started on port(s): 8080 (http) with context path ''
2020-07-27 21:23:10.623  INFO 1564 --- [main] c.t.d.TivoDownloadServiceApplication     : Started TivoDownloadServiceApplication in 3.283 seconds (JVM running for 3.704)
2020-07-27 21:23:27.965  INFO 1564 --- [http-nio-8080-exec-1] o.a.c.c.C.[Tomcat].[localhost].[/]       : Initializing Spring DispatcherServlet 'dispatcherServlet'
2020-07-27 21:23:27.965  INFO 1564 --- [http-nio-8080-exec-1] o.s.web.servlet.DispatcherServlet        : Initializing Servlet 'dispatcherServlet'
2020-07-27 21:23:27.974  INFO 1564 --- [http-nio-8080-exec-1] o.s.web.servlet.DispatcherServlet        : Completed initialization in 6 ms
2020-07-27 21:23:52.207  INFO 1564 --- [SpringContextShutdownHook] o.s.m.s.b.SimpleBrokerMessageHandler     : Stopping...
2020-07-27 21:23:52.209  INFO 1564 --- [SpringContextShutdownHook] o.s.m.s.b.SimpleBrokerMessageHandler     : BrokerAvailabilityEvent[available=false, SimpleBrokerMessageHandler [DefaultSubscriptionRegistry[cache[0 destination(s)], registry[0 sessions]]]]
2020-07-27 21:23:52.213  INFO 1564 --- [SpringContextShutdownHook] o.s.m.s.b.SimpleBrokerMessageHandler     : Stopped.
2020-07-27 21:23:52.224  INFO 1564 --- [SpringContextShutdownHook] o.s.s.concurrent.ThreadPoolTaskExecutor  : Shutting down ExecutorService 'brokerChannelExecutor'
2020-07-27 21:23:52.226  INFO 1564 --- [SpringContextShutdownHook] o.s.s.c.ThreadPoolTaskScheduler          : Shutting down ExecutorService 'messageBrokerTaskScheduler'
2020-07-27 21:23:52.229  INFO 1564 --- [SpringContextShutdownHook] c.t.d.s.impl.CacheControllerServiceImpl  : Scheduler is shutdown
2020-07-27 21:23:52.235  INFO 1564 --- [SpringContextShutdownHook] o.s.s.concurrent.ThreadPoolTaskExecutor  : Shutting down ExecutorService 'clientOutboundChannelExecutor'
2020-07-27 21:23:52.240  INFO 1564 --- [SpringContextShutdownHook] o.s.s.concurrent.ThreadPoolTaskExecutor  : Shutting down ExecutorService 'clientInboundChannelExecutor'
2020-07-27 21:23:52.247  INFO 1564 --- [SpringContextShutdownHook] c.t.d.service.impl.DownloadServiceImpl   : Executor service has stopped
2020-07-27 21:23:52.252  INFO 1564 --- [SpringContextShutdownHook] o.a.k.clients.producer.KafkaProducer     : [Producer clientId=tivo] Closing the Kafka producer with timeoutMillis = 9223372036854775807 ms.
2020-07-27 21:23:56.549  INFO 31372 --- [main] c.t.d.TivoDownloadServiceApplication     : Starting TivoDownloadServiceApplication v0.0.1-SNAPSHOT on DESKTOP-KHBEN76 with PID 31372 (C:\Users\Raheal\Documents\workspace\tivo-download-service\target\tivo-download-service-0.0.1-SNAPSHOT.jar started by Raheal in C:\Users\Raheal\Documents\workspace\tivo-download-service)
2020-07-27 21:23:56.552  INFO 31372 --- [main] c.t.d.TivoDownloadServiceApplication     : No active profile set, falling back to default profiles: default
2020-07-27 21:23:58.048  INFO 31372 --- [main] o.s.b.w.embedded.tomcat.TomcatWebServer  : Tomcat initialized with port(s): 8080 (http)
2020-07-27 21:23:58.059  INFO 31372 --- [main] o.apache.catalina.core.StandardService   : Starting service [Tomcat]
2020-07-27 21:23:58.060  INFO 31372 --- [main] org.apache.catalina.core.StandardEngine  : Starting Servlet engine: [Apache Tomcat/9.0.27]
2020-07-27 21:23:58.130  INFO 31372 --- [main] o.a.c.c.C.[Tomcat].[localhost].[/]       : Initializing Spring embedded WebApplicationContext
2020-07-27 21:23:58.131  INFO 31372 --- [main] o.s.web.context.ContextLoader            : Root WebApplicationContext: initialization completed in 1510 ms
2020-07-27 21:23:58.507  INFO 31372 --- [main] c.t.d.service.impl.DownloadServiceImpl   : Running executor service
2020-07-27 21:23:58.564  INFO 31372 --- [main] o.s.s.concurrent.ThreadPoolTaskExecutor  : Initializing ExecutorService 'clientInboundChannelExecutor'
2020-07-27 21:23:58.570  INFO 31372 --- [main] o.s.s.concurrent.ThreadPoolTaskExecutor  : Initializing ExecutorService 'clientOutboundChannelExecutor'
2020-07-27 21:23:58.585  INFO 31372 --- [pool-2-thread-1] c.t.download.cache.DownloadStatusCache   : Download Record Cache is instantiated
2020-07-27 21:23:58.609  INFO 31372 --- [main] o.s.s.c.ThreadPoolTaskScheduler          : Initializing ExecutorService 'messageBrokerTaskScheduler'
2020-07-27 21:23:58.658  INFO 31372 --- [main] o.s.s.concurrent.ThreadPoolTaskExecutor  : Initializing ExecutorService 'brokerChannelExecutor'
2020-07-27 21:23:59.057  INFO 31372 --- [main] o.s.b.a.e.web.EndpointLinksResolver      : Exposing 15 endpoint(s) beneath base path '/actuator'
2020-07-27 21:23:59.088  INFO 31372 --- [main] o.s.m.s.b.SimpleBrokerMessageHandler     : Starting...
2020-07-27 21:23:59.088  INFO 31372 --- [main] o.s.m.s.b.SimpleBrokerMessageHandler     : BrokerAvailabilityEvent[available=true, SimpleBrokerMessageHandler [DefaultSubscriptionRegistry[cache[0 destination(s)], registry[0 sessions]]]]
2020-07-27 21:23:59.092  INFO 31372 --- [main] o.s.m.s.b.SimpleBrokerMessageHandler     : Started.
2020-07-27 21:23:59.135  INFO 31372 --- [main] o.s.b.w.embedded.tomcat.TomcatWebServer  : Tomcat started on port(s): 8080 (http) with context path ''
2020-07-27 21:23:59.139  INFO 31372 --- [main] c.t.d.TivoDownloadServiceApplication     : Started TivoDownloadServiceApplication in 3.055 seconds (JVM running for 3.499)
2020-07-27 21:24:38.424  INFO 31372 --- [http-nio-8080-exec-1] o.a.c.c.C.[Tomcat].[localhost].[/]       : Initializing Spring DispatcherServlet 'dispatcherServlet'
2020-07-27 21:24:38.425  INFO 31372 --- [http-nio-8080-exec-1] o.s.web.servlet.DispatcherServlet        : Initializing Servlet 'dispatcherServlet'
2020-07-27 21:24:38.434  INFO 31372 --- [http-nio-8080-exec-1] o.s.web.servlet.DispatcherServlet        : Completed initialization in 7 ms
2020-07-27 21:24:38.467  INFO 31372 --- [http-nio-8080-exec-1] c.t.d.m.kafka.NoopMessageServiceImpl     : Logging event from com.tivo.download.messaging.kafka.NoopMessageServiceImpl
2020-07-27 21:24:58.658  INFO 31372 --- [MessageBroker-1] o.s.w.s.c.WebSocketMessageBrokerStats    : WebSocketSession[0 current WS(0)-HttpStream(0)-HttpPoll(0), 0 total, 0 closed abnormally (0 connect failure, 0 send limit, 0 transport error)], stompSubProtocol[processed CONNECT(0)-CONNECTED(0)-DISCONNECT(0)], stompBrokerRelay[null], inboundChannel[pool size = 0, active threads = 0, queued tasks = 0, completed tasks = 0], outboundChannel[pool size = 0, active threads = 0, queued tasks = 0, completed tasks = 0], sockJsScheduler[pool size = 1, active threads = 1, queued tasks = 0, completed tasks = 0]
2020-07-27 21:34:12.312  INFO 31372 --- [SpringContextShutdownHook] o.s.m.s.b.SimpleBrokerMessageHandler     : Stopping...
2020-07-27 21:34:12.313  INFO 31372 --- [SpringContextShutdownHook] o.s.m.s.b.SimpleBrokerMessageHandler     : BrokerAvailabilityEvent[available=false, SimpleBrokerMessageHandler [DefaultSubscriptionRegistry[cache[0 destination(s)], registry[0 sessions]]]]
2020-07-27 21:34:12.315  INFO 31372 --- [SpringContextShutdownHook] o.s.m.s.b.SimpleBrokerMessageHandler     : Stopped.
2020-07-27 21:34:12.321  INFO 31372 --- [SpringContextShutdownHook] o.s.s.concurrent.ThreadPoolTaskExecutor  : Shutting down ExecutorService 'brokerChannelExecutor'
2020-07-27 21:34:12.322  INFO 31372 --- [SpringContextShutdownHook] o.s.s.c.ThreadPoolTaskScheduler          : Shutting down ExecutorService 'messageBrokerTaskScheduler'
2020-07-27 21:34:12.325  INFO 31372 --- [SpringContextShutdownHook] c.t.d.s.impl.CacheControllerServiceImpl  : Scheduler is shutdown
2020-07-27 21:34:12.326  INFO 31372 --- [SpringContextShutdownHook] o.s.s.concurrent.ThreadPoolTaskExecutor  : Shutting down ExecutorService 'clientOutboundChannelExecutor'
2020-07-27 21:34:12.327  INFO 31372 --- [SpringContextShutdownHook] o.s.s.concurrent.ThreadPoolTaskExecutor  : Shutting down ExecutorService 'clientInboundChannelExecutor'
2020-07-27 21:34:12.330  INFO 31372 --- [SpringContextShutdownHook] c.t.d.service.impl.DownloadServiceImpl   : Executor service has stopped
2020-07-27 21:34:23.893  INFO 10308 --- [main] c.t.d.TivoDownloadServiceApplication     : Starting TivoDownloadServiceApplication v0.0.1-SNAPSHOT on DESKTOP-KHBEN76 with PID 10308 (C:\Users\Raheal\Documents\workspace\tivo-download-service\target\tivo-download-service-0.0.1-SNAPSHOT.jar started by Raheal in C:\Users\Raheal\Documents\workspace\tivo-download-service)
2020-07-27 21:34:23.896  INFO 10308 --- [main] c.t.d.TivoDownloadServiceApplication     : The following profiles are active: eventProfile
2020-07-27 21:34:25.334  INFO 10308 --- [main] o.s.b.w.embedded.tomcat.TomcatWebServer  : Tomcat initialized with port(s): 8080 (http)
2020-07-27 21:34:25.350  INFO 10308 --- [main] o.apache.catalina.core.StandardService   : Starting service [Tomcat]
2020-07-27 21:34:25.350  INFO 10308 --- [main] org.apache.catalina.core.StandardEngine  : Starting Servlet engine: [Apache Tomcat/9.0.27]
2020-07-27 21:34:25.418  INFO 10308 --- [main] o.a.c.c.C.[Tomcat].[localhost].[/]       : Initializing Spring embedded WebApplicationContext
2020-07-27 21:34:25.418  INFO 10308 --- [main] o.s.web.context.ContextLoader            : Root WebApplicationContext: initialization completed in 1470 ms
2020-07-27 21:34:25.738  INFO 10308 --- [main] o.a.k.clients.producer.ProducerConfig    : ProducerConfig values: 
	acks = 1
	batch.size = 16384
	bootstrap.servers = [localhost:9092]
	buffer.memory = 33554432
	client.dns.lookup = default
	client.id = tivo
	compression.type = none
	connections.max.idle.ms = 540000
	delivery.timeout.ms = 120000
	enable.idempotence = false
	interceptor.classes = []
	key.serializer = class org.apache.kafka.common.serialization.LongSerializer
	linger.ms = 0
	max.block.ms = 60000
	max.in.flight.requests.per.connection = 5
	max.request.size = 1048576
	metadata.max.age.ms = 300000
	metric.reporters = []
	metrics.num.samples = 2
	metrics.recording.level = INFO
	metrics.sample.window.ms = 30000
	partitioner.class = class org.apache.kafka.clients.producer.internals.DefaultPartitioner
	receive.buffer.bytes = 32768
	reconnect.backoff.max.ms = 1000
	reconnect.backoff.ms = 50
	request.timeout.ms = 30000
	retries = 2147483647
	retry.backoff.ms = 100
	sasl.client.callback.handler.class = null
	sasl.jaas.config = null
	sasl.kerberos.kinit.cmd = /usr/bin/kinit
	sasl.kerberos.min.time.before.relogin = 60000
	sasl.kerberos.service.name = null
	sasl.kerberos.ticket.renew.jitter = 0.05
	sasl.kerberos.ticket.renew.window.factor = 0.8
	sasl.login.callback.handler.class = null
	sasl.login.class = null
	sasl.login.refresh.buffer.seconds = 300
	sasl.login.refresh.min.period.seconds = 60
	sasl.login.refresh.window.factor = 0.8
	sasl.login.refresh.window.jitter = 0.05
	sasl.mechanism = GSSAPI
	security.protocol = PLAINTEXT
	send.buffer.bytes = 131072
	ssl.cipher.suites = null
	ssl.enabled.protocols = [TLSv1.2, TLSv1.1, TLSv1]
	ssl.endpoint.identification.algorithm = https
	ssl.key.password = null
	ssl.keymanager.algorithm = SunX509
	ssl.keystore.location = null
	ssl.keystore.password = null
	ssl.keystore.type = JKS
	ssl.protocol = TLS
	ssl.provider = null
	ssl.secure.random.implementation = null
	ssl.trustmanager.algorithm = PKIX
	ssl.truststore.location = null
	ssl.truststore.password = null
	ssl.truststore.type = JKS
	transaction.timeout.ms = 60000
	transactional.id = null
	value.serializer = class org.apache.kafka.common.serialization.StringSerializer

2020-07-27 21:34:25.935  INFO 10308 --- [main] o.a.kafka.common.utils.AppInfoParser     : Kafka version: 2.3.0
2020-07-27 21:34:25.936  INFO 10308 --- [main] o.a.kafka.common.utils.AppInfoParser     : Kafka commitId: fc1aaa116b661c8a
2020-07-27 21:34:25.938  INFO 10308 --- [main] o.a.kafka.common.utils.AppInfoParser     : Kafka startTimeMs: 1595882065934
2020-07-27 21:34:25.955  INFO 10308 --- [main] c.t.d.service.impl.DownloadServiceImpl   : Running executor service
2020-07-27 21:34:26.020  INFO 10308 --- [main] o.s.s.concurrent.ThreadPoolTaskExecutor  : Initializing ExecutorService 'clientInboundChannelExecutor'
2020-07-27 21:34:26.027  INFO 10308 --- [main] o.s.s.concurrent.ThreadPoolTaskExecutor  : Initializing ExecutorService 'clientOutboundChannelExecutor'
2020-07-27 21:34:26.042  INFO 10308 --- [pool-2-thread-1] c.t.download.cache.DownloadStatusCache   : Download Record Cache is instantiated
2020-07-27 21:34:26.071  INFO 10308 --- [main] o.s.s.c.ThreadPoolTaskScheduler          : Initializing ExecutorService 'messageBrokerTaskScheduler'
2020-07-27 21:34:26.125  INFO 10308 --- [main] o.s.s.concurrent.ThreadPoolTaskExecutor  : Initializing ExecutorService 'brokerChannelExecutor'
2020-07-27 21:34:26.135  INFO 10308 --- [kafka-producer-network-thread | tivo] org.apache.kafka.clients.Metadata        : [Producer clientId=tivo] Cluster ID: CZ4P9VzzTT-tO3ZbZiiNRQ
2020-07-27 21:34:26.549  INFO 10308 --- [main] o.s.b.a.e.web.EndpointLinksResolver      : Exposing 15 endpoint(s) beneath base path '/actuator'
2020-07-27 21:34:26.581  INFO 10308 --- [main] o.s.m.s.b.SimpleBrokerMessageHandler     : Starting...
2020-07-27 21:34:26.582  INFO 10308 --- [main] o.s.m.s.b.SimpleBrokerMessageHandler     : BrokerAvailabilityEvent[available=true, SimpleBrokerMessageHandler [DefaultSubscriptionRegistry[cache[0 destination(s)], registry[0 sessions]]]]
2020-07-27 21:34:26.585  INFO 10308 --- [main] o.s.m.s.b.SimpleBrokerMessageHandler     : Started.
2020-07-27 21:34:26.616  INFO 10308 --- [main] o.s.b.w.embedded.tomcat.TomcatWebServer  : Tomcat started on port(s): 8080 (http) with context path ''
2020-07-27 21:34:26.620  INFO 10308 --- [main] c.t.d.TivoDownloadServiceApplication     : Started TivoDownloadServiceApplication in 3.155 seconds (JVM running for 3.594)
